[0.030s] Invoking command in '/home/shash/Task3/build/custom_interfaces': CMAKE_PREFIX_PATH=${CMAKE_PREFIX_PATH}:/home/shash/ros2_humble/install/rqt_bag_plugins:/home/shash/ros2_humble/install/rqt_bag:/home/shash/ros2_humble/install/launch_testing_examples:/home/shash/ros2_humble/install/ros2bag:/home/shash/ros2_humble/install/tracetools_test:/home/shash/ros2_humble/install/tracetools_launch:/home/shash/ros2_humble/install/topic_monitor:/home/shash/ros2_humble/install/tf2_tools:/home/shash/ros2_humble/install/examples_tf2_py:/home/shash/ros2_humble/install/tf2_ros_py:/home/shash/ros2_humble/install/sros2:/home/shash/ros2_humble/install/rqt_topic:/home/shash/ros2_humble/install/rqt_srv:/home/shash/ros2_humble/install/rqt_shell:/home/shash/ros2_humble/install/rqt_service_caller:/home/shash/ros2_humble/install/rqt_reconfigure:/home/shash/ros2_humble/install/rqt_py_console:/home/shash/ros2_humble/install/rqt_publisher:/home/shash/ros2_humble/install/rqt_plot:/home/shash/ros2_humble/install/rqt_action:/home/shash/ros2_humble/install/rqt_msg:/home/shash/ros2_humble/install/rqt_console:/home/shash/ros2_humble/install/rqt:/home/shash/ros2_humble/install/rqt_graph:/home/shash/ros2_humble/install/rqt_gui_py:/home/shash/ros2_humble/install/rqt_gui:/home/shash/ros2_humble/install/ros2trace:/home/shash/ros2_humble/install/ros2topic:/home/shash/ros2_humble/install/ros2test:/home/shash/ros2_humble/install/ros2component:/home/shash/ros2_humble/install/ros2param:/home/shash/ros2_humble/install/ros2lifecycle:/home/shash/ros2_humble/install/ros2service:/home/shash/ros2_humble/install/ros2run:/home/shash/ros2_humble/install/ros2launch:/home/shash/ros2_humble/install/ros2pkg:/home/shash/ros2_humble/install/ros2node:/home/shash/ros2_humble/install/ros2multicast:/home/shash/ros2_humble/install/ros2interface:/home/shash/ros2_humble/install/ros2doctor:/home/shash/ros2_humble/install/ros2action:/home/shash/ros2_humble/install/ros2cli:/home/shash/ros2_humble/install/quality_of_service_demo_py:/home/shash/ros2_humble/install/lifecycle_py:/home/shash/ros2_humble/install/launch_testing_ros:/home/shash/ros2_humble/install/launch_ros:/home/shash/ros2_humble/install/examples_rclpy_pointcloud_publisher:/home/shash/ros2_humble/install/examples_rclpy_minimal_subscriber:/home/shash/ros2_humble/install/examples_rclpy_minimal_service:/home/shash/ros2_humble/install/examples_rclpy_minimal_publisher:/home/shash/ros2_humble/install/examples_rclpy_minimal_client:/home/shash/ros2_humble/install/examples_rclpy_minimal_action_server:/home/shash/ros2_humble/install/examples_rclpy_minimal_action_client:/home/shash/ros2_humble/install/examples_rclpy_guard_conditions:/home/shash/ros2_humble/install/examples_rclpy_executors:/home/shash/ros2_humble/install/demo_nodes_py:/home/shash/ros2_humble/install/camera_info_manager_py:/home/shash/ros2_humble/install/action_tutorials_py:/home/shash/ros2_humble/install/ament_uncrustify:/home/shash/ros2_humble/install/tracetools_trace:/home/shash/ros2_humble/install/tracetools_read:/home/shash/ros2_humble/install/logging_demo:/home/shash/ros2_humble/install/test_tracetools_launch:/home/shash/ros2_humble/install/test_launch_ros:/home/shash/ros2_humble/install/sensor_msgs_py:/home/shash/ros2_humble/install/rpyutils:/home/shash/ros2_humble/install/rosidl_runtime_py:/home/shash/ros2_humble/install/rosidl_cli:/home/shash/ros2_humble/install/launch_pytest:/home/shash/ros2_humble/install/launch_testing:/home/shash/ros2_humble/install/launch_yaml:/home/shash/ros2_humble/install/launch_xml:/home/shash/ros2_humble/install/launch:/home/shash/ros2_humble/install/osrf_pycommon:/home/shash/ros2_humble/install/domain_coordinator:/home/shash/ros2_humble/install/ament_xmllint:/home/shash/ros2_humble/install/ament_pyflakes:/home/shash/ros2_humble/install/ament_pycodestyle:/home/shash/ros2_humble/install/ament_pep257:/home/shash/ros2_humble/install/ament_pclint:/home/shash/ros2_humble/install/ament_package:/home/shash/ros2_humble/install/ament_mypy:/home/shash/ros2_humble/install/ament_lint_cmake:/home/shash/ros2_humble/install/ament_flake8:/home/shash/ros2_humble/install/ament_copyright:/home/shash/ros2_humble/install/ament_lint:/home/shash/ros2_humble/install/ament_index_python:/home/shash/ros2_humble/install/ament_cpplint:/home/shash/ros2_humble/install/ament_cppcheck:/home/shash/ros2_humble/install/ament_clang_tidy:/home/shash/ros2_humble/install/ament_clang_format /usr/bin/cmake /home/shash/Task3/src/custom_interfaces -DCMAKE_INSTALL_PREFIX=/home/shash/Task3/install/custom_interfaces
[0.128s] -- The C compiler identification is GNU 11.4.0
[0.188s] -- The CXX compiler identification is GNU 11.4.0
[0.198s] -- Detecting C compiler ABI info
[0.325s] -- Detecting C compiler ABI info - done
[0.334s] -- Check for working C compiler: /usr/bin/cc - skipped
[0.335s] -- Detecting C compile features
[0.335s] -- Detecting C compile features - done
[0.340s] -- Detecting CXX compiler ABI info
[0.469s] -- Detecting CXX compiler ABI info - done
[0.478s] -- Check for working CXX compiler: /usr/bin/c++ - skipped
[0.478s] -- Detecting CXX compile features
[0.478s] -- Detecting CXX compile features - done
[0.496s] -- Found ament_cmake: 1.3.11 (/home/shash/ros2_humble/install/ament_cmake/share/ament_cmake/cmake)
[0.936s] -- Found Python3: /usr/bin/python3 (found version "3.10.12") found components: Interpreter 
[1.259s] -- Found rosidl_default_generators: 1.2.0 (/home/shash/ros2_humble/install/rosidl_default_generators/share/rosidl_default_generators/cmake)
[1.340s] -- Using all available rosidl_typesupport_c: rosidl_typesupport_introspection_c;rosidl_typesupport_fastrtps_c
[1.370s] -- Found rosidl_adapter: 3.1.6 (/home/shash/ros2_humble/install/rosidl_adapter/share/rosidl_adapter/cmake)
[1.500s] -- Using all available rosidl_typesupport_cpp: rosidl_typesupport_introspection_cpp;rosidl_typesupport_fastrtps_cpp
[2.254s] -- Found ament_cmake_ros: 0.10.0 (/home/shash/ros2_humble/install/ament_cmake_ros/share/ament_cmake_ros/cmake)
[2.599s] -- Using all available rosidl_typesupport_c: rosidl_typesupport_introspection_c;rosidl_typesupport_fastrtps_c
[3.143s] -- Using all available rosidl_typesupport_cpp: rosidl_typesupport_introspection_cpp;rosidl_typesupport_fastrtps_cpp
[3.201s] -- Found PythonInterp: /usr/bin/python3 (found suitable version "3.10.12", minimum required is "3.6") 
[3.212s] -- Found python_cmake_module: 0.10.0 (/home/shash/ros2_humble/install/python_cmake_module/share/python_cmake_module/cmake)
[3.286s] -- Found PythonLibs: /usr/lib/x86_64-linux-gnu/libpython3.10.so (found suitable version "3.10.12", minimum required is "3.5") 
[3.287s] -- Using PYTHON_EXECUTABLE: /usr/bin/python3
[3.287s] -- Using PYTHON_INCLUDE_DIRS: /usr/include/python3.10
[3.287s] -- Using PYTHON_LIBRARIES: /usr/lib/x86_64-linux-gnu/libpython3.10.so
[3.341s] -- Found PythonExtra: .so  
[3.606s] -- Found ament_lint_auto: 0.12.12 (/home/shash/ros2_humble/install/ament_lint_auto/share/ament_lint_auto/cmake)
[3.679s] -- Added test 'lint_cmake' to check CMake code style
[3.682s] -- Added test 'xmllint' to check XML markup files
[3.689s] -- Configuring done
[3.705s] -- Generating done
[3.711s] -- Build files have been written to: /home/shash/Task3/build/custom_interfaces
[3.717s] Invoked command in '/home/shash/Task3/build/custom_interfaces' returned '0': CMAKE_PREFIX_PATH=${CMAKE_PREFIX_PATH}:/home/shash/ros2_humble/install/rqt_bag_plugins:/home/shash/ros2_humble/install/rqt_bag:/home/shash/ros2_humble/install/launch_testing_examples:/home/shash/ros2_humble/install/ros2bag:/home/shash/ros2_humble/install/tracetools_test:/home/shash/ros2_humble/install/tracetools_launch:/home/shash/ros2_humble/install/topic_monitor:/home/shash/ros2_humble/install/tf2_tools:/home/shash/ros2_humble/install/examples_tf2_py:/home/shash/ros2_humble/install/tf2_ros_py:/home/shash/ros2_humble/install/sros2:/home/shash/ros2_humble/install/rqt_topic:/home/shash/ros2_humble/install/rqt_srv:/home/shash/ros2_humble/install/rqt_shell:/home/shash/ros2_humble/install/rqt_service_caller:/home/shash/ros2_humble/install/rqt_reconfigure:/home/shash/ros2_humble/install/rqt_py_console:/home/shash/ros2_humble/install/rqt_publisher:/home/shash/ros2_humble/install/rqt_plot:/home/shash/ros2_humble/install/rqt_action:/home/shash/ros2_humble/install/rqt_msg:/home/shash/ros2_humble/install/rqt_console:/home/shash/ros2_humble/install/rqt:/home/shash/ros2_humble/install/rqt_graph:/home/shash/ros2_humble/install/rqt_gui_py:/home/shash/ros2_humble/install/rqt_gui:/home/shash/ros2_humble/install/ros2trace:/home/shash/ros2_humble/install/ros2topic:/home/shash/ros2_humble/install/ros2test:/home/shash/ros2_humble/install/ros2component:/home/shash/ros2_humble/install/ros2param:/home/shash/ros2_humble/install/ros2lifecycle:/home/shash/ros2_humble/install/ros2service:/home/shash/ros2_humble/install/ros2run:/home/shash/ros2_humble/install/ros2launch:/home/shash/ros2_humble/install/ros2pkg:/home/shash/ros2_humble/install/ros2node:/home/shash/ros2_humble/install/ros2multicast:/home/shash/ros2_humble/install/ros2interface:/home/shash/ros2_humble/install/ros2doctor:/home/shash/ros2_humble/install/ros2action:/home/shash/ros2_humble/install/ros2cli:/home/shash/ros2_humble/install/quality_of_service_demo_py:/home/shash/ros2_humble/install/lifecycle_py:/home/shash/ros2_humble/install/launch_testing_ros:/home/shash/ros2_humble/install/launch_ros:/home/shash/ros2_humble/install/examples_rclpy_pointcloud_publisher:/home/shash/ros2_humble/install/examples_rclpy_minimal_subscriber:/home/shash/ros2_humble/install/examples_rclpy_minimal_service:/home/shash/ros2_humble/install/examples_rclpy_minimal_publisher:/home/shash/ros2_humble/install/examples_rclpy_minimal_client:/home/shash/ros2_humble/install/examples_rclpy_minimal_action_server:/home/shash/ros2_humble/install/examples_rclpy_minimal_action_client:/home/shash/ros2_humble/install/examples_rclpy_guard_conditions:/home/shash/ros2_humble/install/examples_rclpy_executors:/home/shash/ros2_humble/install/demo_nodes_py:/home/shash/ros2_humble/install/camera_info_manager_py:/home/shash/ros2_humble/install/action_tutorials_py:/home/shash/ros2_humble/install/ament_uncrustify:/home/shash/ros2_humble/install/tracetools_trace:/home/shash/ros2_humble/install/tracetools_read:/home/shash/ros2_humble/install/logging_demo:/home/shash/ros2_humble/install/test_tracetools_launch:/home/shash/ros2_humble/install/test_launch_ros:/home/shash/ros2_humble/install/sensor_msgs_py:/home/shash/ros2_humble/install/rpyutils:/home/shash/ros2_humble/install/rosidl_runtime_py:/home/shash/ros2_humble/install/rosidl_cli:/home/shash/ros2_humble/install/launch_pytest:/home/shash/ros2_humble/install/launch_testing:/home/shash/ros2_humble/install/launch_yaml:/home/shash/ros2_humble/install/launch_xml:/home/shash/ros2_humble/install/launch:/home/shash/ros2_humble/install/osrf_pycommon:/home/shash/ros2_humble/install/domain_coordinator:/home/shash/ros2_humble/install/ament_xmllint:/home/shash/ros2_humble/install/ament_pyflakes:/home/shash/ros2_humble/install/ament_pycodestyle:/home/shash/ros2_humble/install/ament_pep257:/home/shash/ros2_humble/install/ament_pclint:/home/shash/ros2_humble/install/ament_package:/home/shash/ros2_humble/install/ament_mypy:/home/shash/ros2_humble/install/ament_lint_cmake:/home/shash/ros2_humble/install/ament_flake8:/home/shash/ros2_humble/install/ament_copyright:/home/shash/ros2_humble/install/ament_lint:/home/shash/ros2_humble/install/ament_index_python:/home/shash/ros2_humble/install/ament_cpplint:/home/shash/ros2_humble/install/ament_cppcheck:/home/shash/ros2_humble/install/ament_clang_tidy:/home/shash/ros2_humble/install/ament_clang_format /usr/bin/cmake /home/shash/Task3/src/custom_interfaces -DCMAKE_INSTALL_PREFIX=/home/shash/Task3/install/custom_interfaces
[3.720s] Invoking command in '/home/shash/Task3/build/custom_interfaces': CMAKE_PREFIX_PATH=${CMAKE_PREFIX_PATH}:/home/shash/ros2_humble/install/rqt_bag_plugins:/home/shash/ros2_humble/install/rqt_bag:/home/shash/ros2_humble/install/launch_testing_examples:/home/shash/ros2_humble/install/ros2bag:/home/shash/ros2_humble/install/tracetools_test:/home/shash/ros2_humble/install/tracetools_launch:/home/shash/ros2_humble/install/topic_monitor:/home/shash/ros2_humble/install/tf2_tools:/home/shash/ros2_humble/install/examples_tf2_py:/home/shash/ros2_humble/install/tf2_ros_py:/home/shash/ros2_humble/install/sros2:/home/shash/ros2_humble/install/rqt_topic:/home/shash/ros2_humble/install/rqt_srv:/home/shash/ros2_humble/install/rqt_shell:/home/shash/ros2_humble/install/rqt_service_caller:/home/shash/ros2_humble/install/rqt_reconfigure:/home/shash/ros2_humble/install/rqt_py_console:/home/shash/ros2_humble/install/rqt_publisher:/home/shash/ros2_humble/install/rqt_plot:/home/shash/ros2_humble/install/rqt_action:/home/shash/ros2_humble/install/rqt_msg:/home/shash/ros2_humble/install/rqt_console:/home/shash/ros2_humble/install/rqt:/home/shash/ros2_humble/install/rqt_graph:/home/shash/ros2_humble/install/rqt_gui_py:/home/shash/ros2_humble/install/rqt_gui:/home/shash/ros2_humble/install/ros2trace:/home/shash/ros2_humble/install/ros2topic:/home/shash/ros2_humble/install/ros2test:/home/shash/ros2_humble/install/ros2component:/home/shash/ros2_humble/install/ros2param:/home/shash/ros2_humble/install/ros2lifecycle:/home/shash/ros2_humble/install/ros2service:/home/shash/ros2_humble/install/ros2run:/home/shash/ros2_humble/install/ros2launch:/home/shash/ros2_humble/install/ros2pkg:/home/shash/ros2_humble/install/ros2node:/home/shash/ros2_humble/install/ros2multicast:/home/shash/ros2_humble/install/ros2interface:/home/shash/ros2_humble/install/ros2doctor:/home/shash/ros2_humble/install/ros2action:/home/shash/ros2_humble/install/ros2cli:/home/shash/ros2_humble/install/quality_of_service_demo_py:/home/shash/ros2_humble/install/lifecycle_py:/home/shash/ros2_humble/install/launch_testing_ros:/home/shash/ros2_humble/install/launch_ros:/home/shash/ros2_humble/install/examples_rclpy_pointcloud_publisher:/home/shash/ros2_humble/install/examples_rclpy_minimal_subscriber:/home/shash/ros2_humble/install/examples_rclpy_minimal_service:/home/shash/ros2_humble/install/examples_rclpy_minimal_publisher:/home/shash/ros2_humble/install/examples_rclpy_minimal_client:/home/shash/ros2_humble/install/examples_rclpy_minimal_action_server:/home/shash/ros2_humble/install/examples_rclpy_minimal_action_client:/home/shash/ros2_humble/install/examples_rclpy_guard_conditions:/home/shash/ros2_humble/install/examples_rclpy_executors:/home/shash/ros2_humble/install/demo_nodes_py:/home/shash/ros2_humble/install/camera_info_manager_py:/home/shash/ros2_humble/install/action_tutorials_py:/home/shash/ros2_humble/install/ament_uncrustify:/home/shash/ros2_humble/install/tracetools_trace:/home/shash/ros2_humble/install/tracetools_read:/home/shash/ros2_humble/install/logging_demo:/home/shash/ros2_humble/install/test_tracetools_launch:/home/shash/ros2_humble/install/test_launch_ros:/home/shash/ros2_humble/install/sensor_msgs_py:/home/shash/ros2_humble/install/rpyutils:/home/shash/ros2_humble/install/rosidl_runtime_py:/home/shash/ros2_humble/install/rosidl_cli:/home/shash/ros2_humble/install/launch_pytest:/home/shash/ros2_humble/install/launch_testing:/home/shash/ros2_humble/install/launch_yaml:/home/shash/ros2_humble/install/launch_xml:/home/shash/ros2_humble/install/launch:/home/shash/ros2_humble/install/osrf_pycommon:/home/shash/ros2_humble/install/domain_coordinator:/home/shash/ros2_humble/install/ament_xmllint:/home/shash/ros2_humble/install/ament_pyflakes:/home/shash/ros2_humble/install/ament_pycodestyle:/home/shash/ros2_humble/install/ament_pep257:/home/shash/ros2_humble/install/ament_pclint:/home/shash/ros2_humble/install/ament_package:/home/shash/ros2_humble/install/ament_mypy:/home/shash/ros2_humble/install/ament_lint_cmake:/home/shash/ros2_humble/install/ament_flake8:/home/shash/ros2_humble/install/ament_copyright:/home/shash/ros2_humble/install/ament_lint:/home/shash/ros2_humble/install/ament_index_python:/home/shash/ros2_humble/install/ament_cpplint:/home/shash/ros2_humble/install/ament_cppcheck:/home/shash/ros2_humble/install/ament_clang_tidy:/home/shash/ros2_humble/install/ament_clang_format /usr/bin/cmake --build /home/shash/Task3/build/custom_interfaces -- -j16 -l16
[3.804s] [  3%] [34m[1mGenerating C code for ROS interfaces[0m
[3.821s] [  6%] [34m[1mGenerating C++ code for ROS interfaces[0m
[3.846s] [  6%] Built target ament_cmake_python_copy_custom_interfaces
[4.155s] [  9%] [32mBuilding C object CMakeFiles/custom_interfaces__rosidl_generator_c.dir/rosidl_generator_c/custom_interfaces/srv/detail/print_job__functions.c.o[0m
[4.162s] [  9%] Built target custom_interfaces__cpp
[4.185s] [ 12%] [34m[1mGenerating C++ type support dispatch for ROS interfaces[0m
[4.187s] [ 16%] [34m[1mGenerating C++ introspection for ROS interfaces[0m
[4.188s] [ 19%] [34m[1mGenerating C++ type support for eProsima Fast-RTPS[0m
[4.223s] running egg_info
[4.223s] [ 22%] [32m[1mLinking C shared library libcustom_interfaces__rosidl_generator_c.so[0m
[4.223s] creating custom_interfaces.egg-info
[4.223s] writing custom_interfaces.egg-info/PKG-INFO
[4.223s] writing dependency_links to custom_interfaces.egg-info/dependency_links.txt
[4.224s] writing top-level names to custom_interfaces.egg-info/top_level.txt
[4.224s] writing manifest file 'custom_interfaces.egg-info/SOURCES.txt'
[4.225s] reading manifest file 'custom_interfaces.egg-info/SOURCES.txt'
[4.226s] writing manifest file 'custom_interfaces.egg-info/SOURCES.txt'
[4.264s] [ 22%] Built target ament_cmake_python_build_custom_interfaces_egg
[4.298s] [ 22%] Built target custom_interfaces__rosidl_generator_c
[4.329s] [ 25%] [34m[1mGenerating C type support for eProsima Fast-RTPS[0m
[4.330s] [ 29%] [34m[1mGenerating C introspection for ROS interfaces[0m
[4.330s] [ 32%] [34m[1mGenerating C type support dispatch for ROS interfaces[0m
[4.574s] [ 35%] [32mBuilding CXX object CMakeFiles/custom_interfaces__rosidl_typesupport_cpp.dir/rosidl_typesupport_cpp/custom_interfaces/srv/print_job__type_support.cpp.o[0m
[4.622s] [ 38%] [32mBuilding CXX object CMakeFiles/custom_interfaces__rosidl_typesupport_introspection_cpp.dir/rosidl_typesupport_introspection_cpp/custom_interfaces/srv/detail/print_job__type_support.cpp.o[0m
[4.633s] [ 41%] [32mBuilding CXX object CMakeFiles/custom_interfaces__rosidl_typesupport_fastrtps_cpp.dir/rosidl_typesupport_fastrtps_cpp/custom_interfaces/srv/detail/dds_fastrtps/print_job__type_support.cpp.o[0m
[4.776s] [ 45%] [32mBuilding CXX object CMakeFiles/custom_interfaces__rosidl_typesupport_fastrtps_c.dir/rosidl_typesupport_fastrtps_c/custom_interfaces/srv/detail/print_job__type_support_c.cpp.o[0m
[4.817s] [ 48%] [32m[1mLinking CXX shared library libcustom_interfaces__rosidl_typesupport_cpp.so[0m
[4.852s] [ 51%] [32mBuilding C object CMakeFiles/custom_interfaces__rosidl_typesupport_introspection_c.dir/rosidl_typesupport_introspection_c/custom_interfaces/srv/detail/print_job__type_support.c.o[0m
[4.903s] [ 51%] Built target custom_interfaces__rosidl_typesupport_cpp
[4.911s] [ 54%] [32m[1mLinking C shared library libcustom_interfaces__rosidl_typesupport_introspection_c.so[0m
[4.953s] [ 58%] [32m[1mLinking CXX shared library libcustom_interfaces__rosidl_typesupport_introspection_cpp.so[0m
[4.977s] [ 61%] [32mBuilding CXX object CMakeFiles/custom_interfaces__rosidl_typesupport_c.dir/rosidl_typesupport_c/custom_interfaces/srv/print_job__type_support.cpp.o[0m
[4.979s] [ 61%] Built target custom_interfaces__rosidl_typesupport_introspection_c
[4.991s] [ 64%] [32m[1mLinking CXX shared library libcustom_interfaces__rosidl_typesupport_fastrtps_cpp.so[0m
[5.028s] [ 67%] [32m[1mLinking CXX shared library libcustom_interfaces__rosidl_typesupport_c.so[0m
[5.036s] [ 67%] Built target custom_interfaces__rosidl_typesupport_introspection_cpp
[5.062s] [ 70%] [32m[1mLinking CXX shared library libcustom_interfaces__rosidl_typesupport_fastrtps_c.so[0m
[5.079s] [ 70%] Built target custom_interfaces__rosidl_typesupport_fastrtps_cpp
[5.087s] [ 70%] Built target custom_interfaces__rosidl_typesupport_c
[5.137s] [ 70%] Built target custom_interfaces__rosidl_typesupport_fastrtps_c
[5.197s] [ 70%] Built target custom_interfaces
[5.246s] [ 74%] [34m[1mGenerating Python code for ROS interfaces[0m
[5.591s] [ 74%] Built target custom_interfaces__py
[5.647s] [ 77%] [32mBuilding C object CMakeFiles/custom_interfaces__rosidl_generator_py.dir/rosidl_generator_py/custom_interfaces/srv/_print_job_s.c.o[0m
[5.746s] [ 80%] [32m[1mLinking C shared library rosidl_generator_py/custom_interfaces/libcustom_interfaces__rosidl_generator_py.so[0m
[5.818s] [ 80%] Built target custom_interfaces__rosidl_generator_py
[5.860s] [ 83%] [32mBuilding C object CMakeFiles/custom_interfaces__rosidl_typesupport_introspection_c__pyext.dir/rosidl_generator_py/custom_interfaces/_custom_interfaces_s.ep.rosidl_typesupport_introspection_c.c.o[0m
[5.862s] [ 87%] [32mBuilding C object CMakeFiles/custom_interfaces__rosidl_typesupport_c__pyext.dir/rosidl_generator_py/custom_interfaces/_custom_interfaces_s.ep.rosidl_typesupport_c.c.o[0m
[5.866s] [ 90%] [32mBuilding C object CMakeFiles/custom_interfaces__rosidl_typesupport_fastrtps_c__pyext.dir/rosidl_generator_py/custom_interfaces/_custom_interfaces_s.ep.rosidl_typesupport_fastrtps_c.c.o[0m
[5.943s] [ 93%] [32m[1mLinking C shared library rosidl_generator_py/custom_interfaces/custom_interfaces_s__rosidl_typesupport_introspection_c.cpython-310-x86_64-linux-gnu.so[0m
[5.944s] [ 96%] [32m[1mLinking C shared library rosidl_generator_py/custom_interfaces/custom_interfaces_s__rosidl_typesupport_c.cpython-310-x86_64-linux-gnu.so[0m
[5.951s] [100%] [32m[1mLinking C shared library rosidl_generator_py/custom_interfaces/custom_interfaces_s__rosidl_typesupport_fastrtps_c.cpython-310-x86_64-linux-gnu.so[0m
[5.990s] [100%] Built target custom_interfaces__rosidl_typesupport_c__pyext
[5.996s] [100%] Built target custom_interfaces__rosidl_typesupport_introspection_c__pyext
[5.996s] [100%] Built target custom_interfaces__rosidl_typesupport_fastrtps_c__pyext
[6.018s] Invoked command in '/home/shash/Task3/build/custom_interfaces' returned '0': CMAKE_PREFIX_PATH=${CMAKE_PREFIX_PATH}:/home/shash/ros2_humble/install/rqt_bag_plugins:/home/shash/ros2_humble/install/rqt_bag:/home/shash/ros2_humble/install/launch_testing_examples:/home/shash/ros2_humble/install/ros2bag:/home/shash/ros2_humble/install/tracetools_test:/home/shash/ros2_humble/install/tracetools_launch:/home/shash/ros2_humble/install/topic_monitor:/home/shash/ros2_humble/install/tf2_tools:/home/shash/ros2_humble/install/examples_tf2_py:/home/shash/ros2_humble/install/tf2_ros_py:/home/shash/ros2_humble/install/sros2:/home/shash/ros2_humble/install/rqt_topic:/home/shash/ros2_humble/install/rqt_srv:/home/shash/ros2_humble/install/rqt_shell:/home/shash/ros2_humble/install/rqt_service_caller:/home/shash/ros2_humble/install/rqt_reconfigure:/home/shash/ros2_humble/install/rqt_py_console:/home/shash/ros2_humble/install/rqt_publisher:/home/shash/ros2_humble/install/rqt_plot:/home/shash/ros2_humble/install/rqt_action:/home/shash/ros2_humble/install/rqt_msg:/home/shash/ros2_humble/install/rqt_console:/home/shash/ros2_humble/install/rqt:/home/shash/ros2_humble/install/rqt_graph:/home/shash/ros2_humble/install/rqt_gui_py:/home/shash/ros2_humble/install/rqt_gui:/home/shash/ros2_humble/install/ros2trace:/home/shash/ros2_humble/install/ros2topic:/home/shash/ros2_humble/install/ros2test:/home/shash/ros2_humble/install/ros2component:/home/shash/ros2_humble/install/ros2param:/home/shash/ros2_humble/install/ros2lifecycle:/home/shash/ros2_humble/install/ros2service:/home/shash/ros2_humble/install/ros2run:/home/shash/ros2_humble/install/ros2launch:/home/shash/ros2_humble/install/ros2pkg:/home/shash/ros2_humble/install/ros2node:/home/shash/ros2_humble/install/ros2multicast:/home/shash/ros2_humble/install/ros2interface:/home/shash/ros2_humble/install/ros2doctor:/home/shash/ros2_humble/install/ros2action:/home/shash/ros2_humble/install/ros2cli:/home/shash/ros2_humble/install/quality_of_service_demo_py:/home/shash/ros2_humble/install/lifecycle_py:/home/shash/ros2_humble/install/launch_testing_ros:/home/shash/ros2_humble/install/launch_ros:/home/shash/ros2_humble/install/examples_rclpy_pointcloud_publisher:/home/shash/ros2_humble/install/examples_rclpy_minimal_subscriber:/home/shash/ros2_humble/install/examples_rclpy_minimal_service:/home/shash/ros2_humble/install/examples_rclpy_minimal_publisher:/home/shash/ros2_humble/install/examples_rclpy_minimal_client:/home/shash/ros2_humble/install/examples_rclpy_minimal_action_server:/home/shash/ros2_humble/install/examples_rclpy_minimal_action_client:/home/shash/ros2_humble/install/examples_rclpy_guard_conditions:/home/shash/ros2_humble/install/examples_rclpy_executors:/home/shash/ros2_humble/install/demo_nodes_py:/home/shash/ros2_humble/install/camera_info_manager_py:/home/shash/ros2_humble/install/action_tutorials_py:/home/shash/ros2_humble/install/ament_uncrustify:/home/shash/ros2_humble/install/tracetools_trace:/home/shash/ros2_humble/install/tracetools_read:/home/shash/ros2_humble/install/logging_demo:/home/shash/ros2_humble/install/test_tracetools_launch:/home/shash/ros2_humble/install/test_launch_ros:/home/shash/ros2_humble/install/sensor_msgs_py:/home/shash/ros2_humble/install/rpyutils:/home/shash/ros2_humble/install/rosidl_runtime_py:/home/shash/ros2_humble/install/rosidl_cli:/home/shash/ros2_humble/install/launch_pytest:/home/shash/ros2_humble/install/launch_testing:/home/shash/ros2_humble/install/launch_yaml:/home/shash/ros2_humble/install/launch_xml:/home/shash/ros2_humble/install/launch:/home/shash/ros2_humble/install/osrf_pycommon:/home/shash/ros2_humble/install/domain_coordinator:/home/shash/ros2_humble/install/ament_xmllint:/home/shash/ros2_humble/install/ament_pyflakes:/home/shash/ros2_humble/install/ament_pycodestyle:/home/shash/ros2_humble/install/ament_pep257:/home/shash/ros2_humble/install/ament_pclint:/home/shash/ros2_humble/install/ament_package:/home/shash/ros2_humble/install/ament_mypy:/home/shash/ros2_humble/install/ament_lint_cmake:/home/shash/ros2_humble/install/ament_flake8:/home/shash/ros2_humble/install/ament_copyright:/home/shash/ros2_humble/install/ament_lint:/home/shash/ros2_humble/install/ament_index_python:/home/shash/ros2_humble/install/ament_cpplint:/home/shash/ros2_humble/install/ament_cppcheck:/home/shash/ros2_humble/install/ament_clang_tidy:/home/shash/ros2_humble/install/ament_clang_format /usr/bin/cmake --build /home/shash/Task3/build/custom_interfaces -- -j16 -l16
[6.038s] Invoking command in '/home/shash/Task3/build/custom_interfaces': CMAKE_PREFIX_PATH=${CMAKE_PREFIX_PATH}:/home/shash/ros2_humble/install/rqt_bag_plugins:/home/shash/ros2_humble/install/rqt_bag:/home/shash/ros2_humble/install/launch_testing_examples:/home/shash/ros2_humble/install/ros2bag:/home/shash/ros2_humble/install/tracetools_test:/home/shash/ros2_humble/install/tracetools_launch:/home/shash/ros2_humble/install/topic_monitor:/home/shash/ros2_humble/install/tf2_tools:/home/shash/ros2_humble/install/examples_tf2_py:/home/shash/ros2_humble/install/tf2_ros_py:/home/shash/ros2_humble/install/sros2:/home/shash/ros2_humble/install/rqt_topic:/home/shash/ros2_humble/install/rqt_srv:/home/shash/ros2_humble/install/rqt_shell:/home/shash/ros2_humble/install/rqt_service_caller:/home/shash/ros2_humble/install/rqt_reconfigure:/home/shash/ros2_humble/install/rqt_py_console:/home/shash/ros2_humble/install/rqt_publisher:/home/shash/ros2_humble/install/rqt_plot:/home/shash/ros2_humble/install/rqt_action:/home/shash/ros2_humble/install/rqt_msg:/home/shash/ros2_humble/install/rqt_console:/home/shash/ros2_humble/install/rqt:/home/shash/ros2_humble/install/rqt_graph:/home/shash/ros2_humble/install/rqt_gui_py:/home/shash/ros2_humble/install/rqt_gui:/home/shash/ros2_humble/install/ros2trace:/home/shash/ros2_humble/install/ros2topic:/home/shash/ros2_humble/install/ros2test:/home/shash/ros2_humble/install/ros2component:/home/shash/ros2_humble/install/ros2param:/home/shash/ros2_humble/install/ros2lifecycle:/home/shash/ros2_humble/install/ros2service:/home/shash/ros2_humble/install/ros2run:/home/shash/ros2_humble/install/ros2launch:/home/shash/ros2_humble/install/ros2pkg:/home/shash/ros2_humble/install/ros2node:/home/shash/ros2_humble/install/ros2multicast:/home/shash/ros2_humble/install/ros2interface:/home/shash/ros2_humble/install/ros2doctor:/home/shash/ros2_humble/install/ros2action:/home/shash/ros2_humble/install/ros2cli:/home/shash/ros2_humble/install/quality_of_service_demo_py:/home/shash/ros2_humble/install/lifecycle_py:/home/shash/ros2_humble/install/launch_testing_ros:/home/shash/ros2_humble/install/launch_ros:/home/shash/ros2_humble/install/examples_rclpy_pointcloud_publisher:/home/shash/ros2_humble/install/examples_rclpy_minimal_subscriber:/home/shash/ros2_humble/install/examples_rclpy_minimal_service:/home/shash/ros2_humble/install/examples_rclpy_minimal_publisher:/home/shash/ros2_humble/install/examples_rclpy_minimal_client:/home/shash/ros2_humble/install/examples_rclpy_minimal_action_server:/home/shash/ros2_humble/install/examples_rclpy_minimal_action_client:/home/shash/ros2_humble/install/examples_rclpy_guard_conditions:/home/shash/ros2_humble/install/examples_rclpy_executors:/home/shash/ros2_humble/install/demo_nodes_py:/home/shash/ros2_humble/install/camera_info_manager_py:/home/shash/ros2_humble/install/action_tutorials_py:/home/shash/ros2_humble/install/ament_uncrustify:/home/shash/ros2_humble/install/tracetools_trace:/home/shash/ros2_humble/install/tracetools_read:/home/shash/ros2_humble/install/logging_demo:/home/shash/ros2_humble/install/test_tracetools_launch:/home/shash/ros2_humble/install/test_launch_ros:/home/shash/ros2_humble/install/sensor_msgs_py:/home/shash/ros2_humble/install/rpyutils:/home/shash/ros2_humble/install/rosidl_runtime_py:/home/shash/ros2_humble/install/rosidl_cli:/home/shash/ros2_humble/install/launch_pytest:/home/shash/ros2_humble/install/launch_testing:/home/shash/ros2_humble/install/launch_yaml:/home/shash/ros2_humble/install/launch_xml:/home/shash/ros2_humble/install/launch:/home/shash/ros2_humble/install/osrf_pycommon:/home/shash/ros2_humble/install/domain_coordinator:/home/shash/ros2_humble/install/ament_xmllint:/home/shash/ros2_humble/install/ament_pyflakes:/home/shash/ros2_humble/install/ament_pycodestyle:/home/shash/ros2_humble/install/ament_pep257:/home/shash/ros2_humble/install/ament_pclint:/home/shash/ros2_humble/install/ament_package:/home/shash/ros2_humble/install/ament_mypy:/home/shash/ros2_humble/install/ament_lint_cmake:/home/shash/ros2_humble/install/ament_flake8:/home/shash/ros2_humble/install/ament_copyright:/home/shash/ros2_humble/install/ament_lint:/home/shash/ros2_humble/install/ament_index_python:/home/shash/ros2_humble/install/ament_cpplint:/home/shash/ros2_humble/install/ament_cppcheck:/home/shash/ros2_humble/install/ament_clang_tidy:/home/shash/ros2_humble/install/ament_clang_format /usr/bin/cmake --install /home/shash/Task3/build/custom_interfaces
[6.060s] -- Install configuration: ""
[6.060s] -- Installing: /home/shash/Task3/install/custom_interfaces/share/ament_index/resource_index/rosidl_interfaces/custom_interfaces
[6.060s] -- Installing: /home/shash/Task3/install/custom_interfaces/include/custom_interfaces/custom_interfaces
[6.060s] -- Installing: /home/shash/Task3/install/custom_interfaces/include/custom_interfaces/custom_interfaces/msg
[6.061s] -- Installing: /home/shash/Task3/install/custom_interfaces/include/custom_interfaces/custom_interfaces/msg/rosidl_generator_c__visibility_control.h
[6.061s] -- Installing: /home/shash/Task3/install/custom_interfaces/include/custom_interfaces/custom_interfaces/srv
[6.061s] -- Installing: /home/shash/Task3/install/custom_interfaces/include/custom_interfaces/custom_interfaces/srv/print_job.h
[6.061s] -- Installing: /home/shash/Task3/install/custom_interfaces/include/custom_interfaces/custom_interfaces/srv/detail
[6.061s] -- Installing: /home/shash/Task3/install/custom_interfaces/include/custom_interfaces/custom_interfaces/srv/detail/print_job__type_support.h
[6.061s] -- Installing: /home/shash/Task3/install/custom_interfaces/include/custom_interfaces/custom_interfaces/srv/detail/print_job__functions.h
[6.061s] -- Installing: /home/shash/Task3/install/custom_interfaces/include/custom_interfaces/custom_interfaces/srv/detail/print_job__functions.c
[6.061s] -- Installing: /home/shash/Task3/install/custom_interfaces/include/custom_interfaces/custom_interfaces/srv/detail/print_job__struct.h
[6.061s] -- Installing: /home/shash/Task3/install/custom_interfaces/share/custom_interfaces/environment/library_path.sh
[6.062s] -- Installing: /home/shash/Task3/install/custom_interfaces/share/custom_interfaces/environment/library_path.dsv
[6.062s] -- Installing: /home/shash/Task3/install/custom_interfaces/lib/libcustom_interfaces__rosidl_generator_c.so
[6.062s] -- Set runtime path of "/home/shash/Task3/install/custom_interfaces/lib/libcustom_interfaces__rosidl_generator_c.so" to ""
[6.062s] -- Up-to-date: /home/shash/Task3/install/custom_interfaces/include/custom_interfaces/custom_interfaces
[6.062s] -- Up-to-date: /home/shash/Task3/install/custom_interfaces/include/custom_interfaces/custom_interfaces/msg
[6.062s] -- Installing: /home/shash/Task3/install/custom_interfaces/include/custom_interfaces/custom_interfaces/msg/rosidl_typesupport_introspection_c__visibility_control.h
[6.062s] -- Up-to-date: /home/shash/Task3/install/custom_interfaces/include/custom_interfaces/custom_interfaces/srv
[6.062s] -- Up-to-date: /home/shash/Task3/install/custom_interfaces/include/custom_interfaces/custom_interfaces/srv/detail
[6.062s] -- Installing: /home/shash/Task3/install/custom_interfaces/include/custom_interfaces/custom_interfaces/srv/detail/print_job__type_support.c
[6.063s] -- Installing: /home/shash/Task3/install/custom_interfaces/include/custom_interfaces/custom_interfaces/srv/detail/print_job__rosidl_typesupport_introspection_c.h
[6.063s] -- Installing: /home/shash/Task3/install/custom_interfaces/lib/libcustom_interfaces__rosidl_typesupport_introspection_c.so
[6.063s] -- Set runtime path of "/home/shash/Task3/install/custom_interfaces/lib/libcustom_interfaces__rosidl_typesupport_introspection_c.so" to ""
[6.063s] -- Up-to-date: /home/shash/Task3/install/custom_interfaces/include/custom_interfaces/custom_interfaces
[6.063s] -- Up-to-date: /home/shash/Task3/install/custom_interfaces/include/custom_interfaces/custom_interfaces/msg
[6.063s] -- Installing: /home/shash/Task3/install/custom_interfaces/include/custom_interfaces/custom_interfaces/msg/rosidl_typesupport_fastrtps_c__visibility_control.h
[6.063s] -- Up-to-date: /home/shash/Task3/install/custom_interfaces/include/custom_interfaces/custom_interfaces/srv
[6.063s] -- Up-to-date: /home/shash/Task3/install/custom_interfaces/include/custom_interfaces/custom_interfaces/srv/detail
[6.063s] -- Installing: /home/shash/Task3/install/custom_interfaces/include/custom_interfaces/custom_interfaces/srv/detail/print_job__rosidl_typesupport_fastrtps_c.h
[6.064s] -- Installing: /home/shash/Task3/install/custom_interfaces/lib/libcustom_interfaces__rosidl_typesupport_fastrtps_c.so
[6.064s] -- Set runtime path of "/home/shash/Task3/install/custom_interfaces/lib/libcustom_interfaces__rosidl_typesupport_fastrtps_c.so" to ""
[6.064s] -- Installing: /home/shash/Task3/install/custom_interfaces/lib/libcustom_interfaces__rosidl_typesupport_c.so
[6.064s] -- Set runtime path of "/home/shash/Task3/install/custom_interfaces/lib/libcustom_interfaces__rosidl_typesupport_c.so" to ""
[6.064s] -- Up-to-date: /home/shash/Task3/install/custom_interfaces/include/custom_interfaces/custom_interfaces
[6.064s] -- Up-to-date: /home/shash/Task3/install/custom_interfaces/include/custom_interfaces/custom_interfaces/msg
[6.064s] -- Installing: /home/shash/Task3/install/custom_interfaces/include/custom_interfaces/custom_interfaces/msg/rosidl_generator_cpp__visibility_control.hpp
[6.064s] -- Up-to-date: /home/shash/Task3/install/custom_interfaces/include/custom_interfaces/custom_interfaces/srv
[6.064s] -- Installing: /home/shash/Task3/install/custom_interfaces/include/custom_interfaces/custom_interfaces/srv/print_job.hpp
[6.065s] -- Up-to-date: /home/shash/Task3/install/custom_interfaces/include/custom_interfaces/custom_interfaces/srv/detail
[6.065s] -- Installing: /home/shash/Task3/install/custom_interfaces/include/custom_interfaces/custom_interfaces/srv/detail/print_job__type_support.hpp
[6.065s] -- Installing: /home/shash/Task3/install/custom_interfaces/include/custom_interfaces/custom_interfaces/srv/detail/print_job__traits.hpp
[6.065s] -- Installing: /home/shash/Task3/install/custom_interfaces/include/custom_interfaces/custom_interfaces/srv/detail/print_job__struct.hpp
[6.065s] -- Installing: /home/shash/Task3/install/custom_interfaces/include/custom_interfaces/custom_interfaces/srv/detail/print_job__builder.hpp
[6.065s] -- Up-to-date: /home/shash/Task3/install/custom_interfaces/include/custom_interfaces/custom_interfaces
[6.065s] -- Up-to-date: /home/shash/Task3/install/custom_interfaces/include/custom_interfaces/custom_interfaces/srv
[6.066s] -- Up-to-date: /home/shash/Task3/install/custom_interfaces/include/custom_interfaces/custom_interfaces/srv/detail
[6.066s] -- Installing: /home/shash/Task3/install/custom_interfaces/include/custom_interfaces/custom_interfaces/srv/detail/print_job__rosidl_typesupport_introspection_cpp.hpp
[6.066s] -- Installing: /home/shash/Task3/install/custom_interfaces/include/custom_interfaces/custom_interfaces/srv/detail/print_job__type_support.cpp
[6.066s] -- Installing: /home/shash/Task3/install/custom_interfaces/lib/libcustom_interfaces__rosidl_typesupport_introspection_cpp.so
[6.066s] -- Set runtime path of "/home/shash/Task3/install/custom_interfaces/lib/libcustom_interfaces__rosidl_typesupport_introspection_cpp.so" to ""
[6.066s] -- Up-to-date: /home/shash/Task3/install/custom_interfaces/include/custom_interfaces/custom_interfaces
[6.066s] -- Up-to-date: /home/shash/Task3/install/custom_interfaces/include/custom_interfaces/custom_interfaces/msg
[6.066s] -- Installing: /home/shash/Task3/install/custom_interfaces/include/custom_interfaces/custom_interfaces/msg/rosidl_typesupport_fastrtps_cpp__visibility_control.h
[6.066s] -- Up-to-date: /home/shash/Task3/install/custom_interfaces/include/custom_interfaces/custom_interfaces/srv
[6.066s] -- Up-to-date: /home/shash/Task3/install/custom_interfaces/include/custom_interfaces/custom_interfaces/srv/detail
[6.066s] -- Installing: /home/shash/Task3/install/custom_interfaces/include/custom_interfaces/custom_interfaces/srv/detail/print_job__rosidl_typesupport_fastrtps_cpp.hpp
[6.066s] -- Installing: /home/shash/Task3/install/custom_interfaces/include/custom_interfaces/custom_interfaces/srv/detail/dds_fastrtps
[6.067s] -- Installing: /home/shash/Task3/install/custom_interfaces/lib/libcustom_interfaces__rosidl_typesupport_fastrtps_cpp.so
[6.067s] -- Set runtime path of "/home/shash/Task3/install/custom_interfaces/lib/libcustom_interfaces__rosidl_typesupport_fastrtps_cpp.so" to ""
[6.067s] -- Installing: /home/shash/Task3/install/custom_interfaces/lib/libcustom_interfaces__rosidl_typesupport_cpp.so
[6.067s] -- Set runtime path of "/home/shash/Task3/install/custom_interfaces/lib/libcustom_interfaces__rosidl_typesupport_cpp.so" to ""
[6.067s] -- Installing: /home/shash/Task3/install/custom_interfaces/share/custom_interfaces/environment/pythonpath.sh
[6.067s] -- Installing: /home/shash/Task3/install/custom_interfaces/share/custom_interfaces/environment/pythonpath.dsv
[6.067s] -- Installing: /home/shash/Task3/install/custom_interfaces/local/lib/python3.10/dist-packages/custom_interfaces-0.0.0-py3.10.egg-info
[6.067s] -- Installing: /home/shash/Task3/install/custom_interfaces/local/lib/python3.10/dist-packages/custom_interfaces-0.0.0-py3.10.egg-info/top_level.txt
[6.067s] -- Installing: /home/shash/Task3/install/custom_interfaces/local/lib/python3.10/dist-packages/custom_interfaces-0.0.0-py3.10.egg-info/PKG-INFO
[6.067s] -- Installing: /home/shash/Task3/install/custom_interfaces/local/lib/python3.10/dist-packages/custom_interfaces-0.0.0-py3.10.egg-info/dependency_links.txt
[6.067s] -- Installing: /home/shash/Task3/install/custom_interfaces/local/lib/python3.10/dist-packages/custom_interfaces-0.0.0-py3.10.egg-info/SOURCES.txt
[6.067s] -- Installing: /home/shash/Task3/install/custom_interfaces/local/lib/python3.10/dist-packages/custom_interfaces
[6.067s] -- Installing: /home/shash/Task3/install/custom_interfaces/local/lib/python3.10/dist-packages/custom_interfaces/custom_interfaces_s__rosidl_typesupport_fastrtps_c.cpython-310-x86_64-linux-gnu.so
[6.067s] -- Installing: /home/shash/Task3/install/custom_interfaces/local/lib/python3.10/dist-packages/custom_interfaces/custom_interfaces_s__rosidl_typesupport_introspection_c.cpython-310-x86_64-linux-gnu.so
[6.068s] -- Installing: /home/shash/Task3/install/custom_interfaces/local/lib/python3.10/dist-packages/custom_interfaces/libcustom_interfaces__rosidl_generator_py.so
[6.068s] -- Installing: /home/shash/Task3/install/custom_interfaces/local/lib/python3.10/dist-packages/custom_interfaces/_custom_interfaces_s.ep.rosidl_typesupport_fastrtps_c.c
[6.068s] -- Installing: /home/shash/Task3/install/custom_interfaces/local/lib/python3.10/dist-packages/custom_interfaces/__init__.py
[6.068s] -- Installing: /home/shash/Task3/install/custom_interfaces/local/lib/python3.10/dist-packages/custom_interfaces/_custom_interfaces_s.ep.rosidl_typesupport_introspection_c.c
[6.068s] -- Installing: /home/shash/Task3/install/custom_interfaces/local/lib/python3.10/dist-packages/custom_interfaces/_custom_interfaces_s.ep.rosidl_typesupport_c.c
[6.068s] -- Installing: /home/shash/Task3/install/custom_interfaces/local/lib/python3.10/dist-packages/custom_interfaces/custom_interfaces_s__rosidl_typesupport_c.cpython-310-x86_64-linux-gnu.so
[6.068s] -- Installing: /home/shash/Task3/install/custom_interfaces/local/lib/python3.10/dist-packages/custom_interfaces/srv
[6.068s] -- Installing: /home/shash/Task3/install/custom_interfaces/local/lib/python3.10/dist-packages/custom_interfaces/srv/_print_job.py
[6.068s] -- Installing: /home/shash/Task3/install/custom_interfaces/local/lib/python3.10/dist-packages/custom_interfaces/srv/__init__.py
[6.068s] -- Installing: /home/shash/Task3/install/custom_interfaces/local/lib/python3.10/dist-packages/custom_interfaces/srv/_print_job_s.c
[6.166s] Listing '/home/shash/Task3/install/custom_interfaces/local/lib/python3.10/dist-packages/custom_interfaces'...
[6.166s] Compiling '/home/shash/Task3/install/custom_interfaces/local/lib/python3.10/dist-packages/custom_interfaces/__init__.py'...
[6.166s] Listing '/home/shash/Task3/install/custom_interfaces/local/lib/python3.10/dist-packages/custom_interfaces/srv'...
[6.166s] Compiling '/home/shash/Task3/install/custom_interfaces/local/lib/python3.10/dist-packages/custom_interfaces/srv/__init__.py'...
[6.166s] Compiling '/home/shash/Task3/install/custom_interfaces/local/lib/python3.10/dist-packages/custom_interfaces/srv/_print_job.py'...
[6.170s] -- Installing: /home/shash/Task3/install/custom_interfaces/local/lib/python3.10/dist-packages/custom_interfaces/custom_interfaces_s__rosidl_typesupport_introspection_c.cpython-310-x86_64-linux-gnu.so
[6.170s] -- Set runtime path of "/home/shash/Task3/install/custom_interfaces/local/lib/python3.10/dist-packages/custom_interfaces/custom_interfaces_s__rosidl_typesupport_introspection_c.cpython-310-x86_64-linux-gnu.so" to ""
[6.170s] -- Installing: /home/shash/Task3/install/custom_interfaces/local/lib/python3.10/dist-packages/custom_interfaces/custom_interfaces_s__rosidl_typesupport_fastrtps_c.cpython-310-x86_64-linux-gnu.so
[6.170s] -- Set runtime path of "/home/shash/Task3/install/custom_interfaces/local/lib/python3.10/dist-packages/custom_interfaces/custom_interfaces_s__rosidl_typesupport_fastrtps_c.cpython-310-x86_64-linux-gnu.so" to ""
[6.170s] -- Installing: /home/shash/Task3/install/custom_interfaces/local/lib/python3.10/dist-packages/custom_interfaces/custom_interfaces_s__rosidl_typesupport_c.cpython-310-x86_64-linux-gnu.so
[6.170s] -- Set runtime path of "/home/shash/Task3/install/custom_interfaces/local/lib/python3.10/dist-packages/custom_interfaces/custom_interfaces_s__rosidl_typesupport_c.cpython-310-x86_64-linux-gnu.so" to ""
[6.170s] -- Installing: /home/shash/Task3/install/custom_interfaces/lib/libcustom_interfaces__rosidl_generator_py.so
[6.170s] -- Set runtime path of "/home/shash/Task3/install/custom_interfaces/lib/libcustom_interfaces__rosidl_generator_py.so" to ""
[6.170s] -- Installing: /home/shash/Task3/install/custom_interfaces/share/custom_interfaces/srv/PrintJob.idl
[6.170s] -- Installing: /home/shash/Task3/install/custom_interfaces/share/custom_interfaces/srv/PrintJob.srv
[6.170s] -- Installing: /home/shash/Task3/install/custom_interfaces/share/custom_interfaces/srv/PrintJob_Request.msg
[6.170s] -- Installing: /home/shash/Task3/install/custom_interfaces/share/custom_interfaces/srv/PrintJob_Response.msg
[6.171s] -- Installing: /home/shash/Task3/install/custom_interfaces/share/ament_index/resource_index/package_run_dependencies/custom_interfaces
[6.171s] -- Installing: /home/shash/Task3/install/custom_interfaces/share/ament_index/resource_index/parent_prefix_path/custom_interfaces
[6.171s] -- Installing: /home/shash/Task3/install/custom_interfaces/share/custom_interfaces/environment/ament_prefix_path.sh
[6.171s] -- Installing: /home/shash/Task3/install/custom_interfaces/share/custom_interfaces/environment/ament_prefix_path.dsv
[6.171s] -- Installing: /home/shash/Task3/install/custom_interfaces/share/custom_interfaces/environment/path.sh
[6.171s] -- Installing: /home/shash/Task3/install/custom_interfaces/share/custom_interfaces/environment/path.dsv
[6.171s] -- Installing: /home/shash/Task3/install/custom_interfaces/share/custom_interfaces/local_setup.bash
[6.171s] -- Installing: /home/shash/Task3/install/custom_interfaces/share/custom_interfaces/local_setup.sh
[6.171s] -- Installing: /home/shash/Task3/install/custom_interfaces/share/custom_interfaces/local_setup.zsh
[6.171s] -- Installing: /home/shash/Task3/install/custom_interfaces/share/custom_interfaces/local_setup.dsv
[6.171s] -- Installing: /home/shash/Task3/install/custom_interfaces/share/custom_interfaces/package.dsv
[6.171s] -- Installing: /home/shash/Task3/install/custom_interfaces/share/ament_index/resource_index/packages/custom_interfaces
[6.171s] -- Installing: /home/shash/Task3/install/custom_interfaces/share/custom_interfaces/cmake/export_custom_interfaces__rosidl_generator_cExport.cmake
[6.171s] -- Installing: /home/shash/Task3/install/custom_interfaces/share/custom_interfaces/cmake/export_custom_interfaces__rosidl_generator_cExport-noconfig.cmake
[6.171s] -- Installing: /home/shash/Task3/install/custom_interfaces/share/custom_interfaces/cmake/custom_interfaces__rosidl_typesupport_introspection_cExport.cmake
[6.172s] -- Installing: /home/shash/Task3/install/custom_interfaces/share/custom_interfaces/cmake/custom_interfaces__rosidl_typesupport_introspection_cExport-noconfig.cmake
[6.172s] -- Installing: /home/shash/Task3/install/custom_interfaces/share/custom_interfaces/cmake/export_custom_interfaces__rosidl_typesupport_fastrtps_cExport.cmake
[6.172s] -- Installing: /home/shash/Task3/install/custom_interfaces/share/custom_interfaces/cmake/export_custom_interfaces__rosidl_typesupport_fastrtps_cExport-noconfig.cmake
[6.172s] -- Installing: /home/shash/Task3/install/custom_interfaces/share/custom_interfaces/cmake/custom_interfaces__rosidl_typesupport_cExport.cmake
[6.172s] -- Installing: /home/shash/Task3/install/custom_interfaces/share/custom_interfaces/cmake/custom_interfaces__rosidl_typesupport_cExport-noconfig.cmake
[6.172s] -- Installing: /home/shash/Task3/install/custom_interfaces/share/custom_interfaces/cmake/export_custom_interfaces__rosidl_generator_cppExport.cmake
[6.172s] -- Installing: /home/shash/Task3/install/custom_interfaces/share/custom_interfaces/cmake/custom_interfaces__rosidl_typesupport_introspection_cppExport.cmake
[6.172s] -- Installing: /home/shash/Task3/install/custom_interfaces/share/custom_interfaces/cmake/custom_interfaces__rosidl_typesupport_introspection_cppExport-noconfig.cmake
[6.172s] -- Installing: /home/shash/Task3/install/custom_interfaces/share/custom_interfaces/cmake/export_custom_interfaces__rosidl_typesupport_fastrtps_cppExport.cmake
[6.172s] -- Installing: /home/shash/Task3/install/custom_interfaces/share/custom_interfaces/cmake/export_custom_interfaces__rosidl_typesupport_fastrtps_cppExport-noconfig.cmake
[6.172s] -- Installing: /home/shash/Task3/install/custom_interfaces/share/custom_interfaces/cmake/custom_interfaces__rosidl_typesupport_cppExport.cmake
[6.172s] -- Installing: /home/shash/Task3/install/custom_interfaces/share/custom_interfaces/cmake/custom_interfaces__rosidl_typesupport_cppExport-noconfig.cmake
[6.172s] -- Installing: /home/shash/Task3/install/custom_interfaces/share/custom_interfaces/cmake/export_custom_interfaces__rosidl_generator_pyExport.cmake
[6.172s] -- Installing: /home/shash/Task3/install/custom_interfaces/share/custom_interfaces/cmake/export_custom_interfaces__rosidl_generator_pyExport-noconfig.cmake
[6.172s] -- Installing: /home/shash/Task3/install/custom_interfaces/share/custom_interfaces/cmake/rosidl_cmake-extras.cmake
[6.173s] -- Installing: /home/shash/Task3/install/custom_interfaces/share/custom_interfaces/cmake/ament_cmake_export_include_directories-extras.cmake
[6.173s] -- Installing: /home/shash/Task3/install/custom_interfaces/share/custom_interfaces/cmake/ament_cmake_export_libraries-extras.cmake
[6.173s] -- Installing: /home/shash/Task3/install/custom_interfaces/share/custom_interfaces/cmake/ament_cmake_export_targets-extras.cmake
[6.173s] -- Installing: /home/shash/Task3/install/custom_interfaces/share/custom_interfaces/cmake/rosidl_cmake_export_typesupport_targets-extras.cmake
[6.173s] -- Installing: /home/shash/Task3/install/custom_interfaces/share/custom_interfaces/cmake/ament_cmake_export_dependencies-extras.cmake
[6.173s] -- Installing: /home/shash/Task3/install/custom_interfaces/share/custom_interfaces/cmake/rosidl_cmake_export_typesupport_libraries-extras.cmake
[6.173s] -- Installing: /home/shash/Task3/install/custom_interfaces/share/custom_interfaces/cmake/custom_interfacesConfig.cmake
[6.173s] -- Installing: /home/shash/Task3/install/custom_interfaces/share/custom_interfaces/cmake/custom_interfacesConfig-version.cmake
[6.173s] -- Installing: /home/shash/Task3/install/custom_interfaces/share/custom_interfaces/package.xml
[6.175s] Invoked command in '/home/shash/Task3/build/custom_interfaces' returned '0': CMAKE_PREFIX_PATH=${CMAKE_PREFIX_PATH}:/home/shash/ros2_humble/install/rqt_bag_plugins:/home/shash/ros2_humble/install/rqt_bag:/home/shash/ros2_humble/install/launch_testing_examples:/home/shash/ros2_humble/install/ros2bag:/home/shash/ros2_humble/install/tracetools_test:/home/shash/ros2_humble/install/tracetools_launch:/home/shash/ros2_humble/install/topic_monitor:/home/shash/ros2_humble/install/tf2_tools:/home/shash/ros2_humble/install/examples_tf2_py:/home/shash/ros2_humble/install/tf2_ros_py:/home/shash/ros2_humble/install/sros2:/home/shash/ros2_humble/install/rqt_topic:/home/shash/ros2_humble/install/rqt_srv:/home/shash/ros2_humble/install/rqt_shell:/home/shash/ros2_humble/install/rqt_service_caller:/home/shash/ros2_humble/install/rqt_reconfigure:/home/shash/ros2_humble/install/rqt_py_console:/home/shash/ros2_humble/install/rqt_publisher:/home/shash/ros2_humble/install/rqt_plot:/home/shash/ros2_humble/install/rqt_action:/home/shash/ros2_humble/install/rqt_msg:/home/shash/ros2_humble/install/rqt_console:/home/shash/ros2_humble/install/rqt:/home/shash/ros2_humble/install/rqt_graph:/home/shash/ros2_humble/install/rqt_gui_py:/home/shash/ros2_humble/install/rqt_gui:/home/shash/ros2_humble/install/ros2trace:/home/shash/ros2_humble/install/ros2topic:/home/shash/ros2_humble/install/ros2test:/home/shash/ros2_humble/install/ros2component:/home/shash/ros2_humble/install/ros2param:/home/shash/ros2_humble/install/ros2lifecycle:/home/shash/ros2_humble/install/ros2service:/home/shash/ros2_humble/install/ros2run:/home/shash/ros2_humble/install/ros2launch:/home/shash/ros2_humble/install/ros2pkg:/home/shash/ros2_humble/install/ros2node:/home/shash/ros2_humble/install/ros2multicast:/home/shash/ros2_humble/install/ros2interface:/home/shash/ros2_humble/install/ros2doctor:/home/shash/ros2_humble/install/ros2action:/home/shash/ros2_humble/install/ros2cli:/home/shash/ros2_humble/install/quality_of_service_demo_py:/home/shash/ros2_humble/install/lifecycle_py:/home/shash/ros2_humble/install/launch_testing_ros:/home/shash/ros2_humble/install/launch_ros:/home/shash/ros2_humble/install/examples_rclpy_pointcloud_publisher:/home/shash/ros2_humble/install/examples_rclpy_minimal_subscriber:/home/shash/ros2_humble/install/examples_rclpy_minimal_service:/home/shash/ros2_humble/install/examples_rclpy_minimal_publisher:/home/shash/ros2_humble/install/examples_rclpy_minimal_client:/home/shash/ros2_humble/install/examples_rclpy_minimal_action_server:/home/shash/ros2_humble/install/examples_rclpy_minimal_action_client:/home/shash/ros2_humble/install/examples_rclpy_guard_conditions:/home/shash/ros2_humble/install/examples_rclpy_executors:/home/shash/ros2_humble/install/demo_nodes_py:/home/shash/ros2_humble/install/camera_info_manager_py:/home/shash/ros2_humble/install/action_tutorials_py:/home/shash/ros2_humble/install/ament_uncrustify:/home/shash/ros2_humble/install/tracetools_trace:/home/shash/ros2_humble/install/tracetools_read:/home/shash/ros2_humble/install/logging_demo:/home/shash/ros2_humble/install/test_tracetools_launch:/home/shash/ros2_humble/install/test_launch_ros:/home/shash/ros2_humble/install/sensor_msgs_py:/home/shash/ros2_humble/install/rpyutils:/home/shash/ros2_humble/install/rosidl_runtime_py:/home/shash/ros2_humble/install/rosidl_cli:/home/shash/ros2_humble/install/launch_pytest:/home/shash/ros2_humble/install/launch_testing:/home/shash/ros2_humble/install/launch_yaml:/home/shash/ros2_humble/install/launch_xml:/home/shash/ros2_humble/install/launch:/home/shash/ros2_humble/install/osrf_pycommon:/home/shash/ros2_humble/install/domain_coordinator:/home/shash/ros2_humble/install/ament_xmllint:/home/shash/ros2_humble/install/ament_pyflakes:/home/shash/ros2_humble/install/ament_pycodestyle:/home/shash/ros2_humble/install/ament_pep257:/home/shash/ros2_humble/install/ament_pclint:/home/shash/ros2_humble/install/ament_package:/home/shash/ros2_humble/install/ament_mypy:/home/shash/ros2_humble/install/ament_lint_cmake:/home/shash/ros2_humble/install/ament_flake8:/home/shash/ros2_humble/install/ament_copyright:/home/shash/ros2_humble/install/ament_lint:/home/shash/ros2_humble/install/ament_index_python:/home/shash/ros2_humble/install/ament_cpplint:/home/shash/ros2_humble/install/ament_cppcheck:/home/shash/ros2_humble/install/ament_clang_tidy:/home/shash/ros2_humble/install/ament_clang_format /usr/bin/cmake --install /home/shash/Task3/build/custom_interfaces
