[0.150s] DEBUG:colcon:Command line arguments: ['/usr/bin/colcon', 'build']
[0.150s] DEBUG:colcon:Parsed command line arguments: Namespace(log_base=None, log_level=None, verb_name='build', build_base='build', install_base='install', merge_install=False, symlink_install=False, test_result_base=None, continue_on_error=False, executor='parallel', parallel_workers=16, event_handlers=None, ignore_user_meta=False, metas=['./colcon.meta'], base_paths=['.'], packages_ignore=None, packages_ignore_regex=None, paths=None, packages_up_to=None, packages_up_to_regex=None, packages_above=None, packages_above_and_dependencies=None, packages_above_depth=None, packages_select_by_dep=None, packages_skip_by_dep=None, packages_skip_up_to=None, packages_select_build_failed=False, packages_skip_build_finished=False, packages_select_test_failures=False, packages_skip_test_passed=False, packages_select=None, packages_skip=None, packages_select_regex=None, packages_skip_regex=None, packages_start=None, packages_end=None, allow_overriding=[], cmake_args=None, cmake_target=None, cmake_target_skip_unavailable=False, cmake_clean_cache=False, cmake_clean_first=False, cmake_force_configure=False, ament_cmake_args=None, catkin_cmake_args=None, catkin_skip_building_tests=False, mixin_files=None, mixin=None, verb_parser=<colcon_mixin.mixin.mixin_argument.MixinArgumentDecorator object at 0x78cc9b785390>, verb_extension=<colcon_core.verb.build.BuildVerb object at 0x78cc9b88e350>, main=<bound method BuildVerb.main of <colcon_core.verb.build.BuildVerb object at 0x78cc9b88e350>>, mixin_verb=('build',))
[0.298s] Level 1:colcon.colcon_core.package_discovery:discover_packages(colcon_meta) check parameters
[0.298s] Level 1:colcon.colcon_core.package_discovery:discover_packages(recursive) check parameters
[0.298s] Level 1:colcon.colcon_core.package_discovery:discover_packages(ignore) check parameters
[0.298s] Level 1:colcon.colcon_core.package_discovery:discover_packages(path) check parameters
[0.298s] Level 1:colcon.colcon_core.package_discovery:discover_packages(colcon_meta) discover
[0.298s] Level 1:colcon.colcon_core.package_discovery:discover_packages(recursive) discover
[0.298s] INFO:colcon.colcon_core.package_discovery:Crawling recursively for packages in '/home/shash/Task3'
[0.298s] Level 1:colcon.colcon_core.package_identification:_identify(.) by extensions ['ignore', 'ignore_ament_install']
[0.298s] Level 1:colcon.colcon_core.package_identification:_identify(.) by extension 'ignore'
[0.298s] Level 1:colcon.colcon_core.package_identification:_identify(.) by extension 'ignore_ament_install'
[0.298s] Level 1:colcon.colcon_core.package_identification:_identify(.) by extensions ['colcon_pkg']
[0.298s] Level 1:colcon.colcon_core.package_identification:_identify(.) by extension 'colcon_pkg'
[0.298s] Level 1:colcon.colcon_core.package_identification:_identify(.) by extensions ['colcon_meta']
[0.298s] Level 1:colcon.colcon_core.package_identification:_identify(.) by extension 'colcon_meta'
[0.298s] Level 1:colcon.colcon_core.package_identification:_identify(.) by extensions ['ros']
[0.298s] Level 1:colcon.colcon_core.package_identification:_identify(.) by extension 'ros'
[0.307s] Level 1:colcon.colcon_core.package_identification:_identify(.) by extensions ['cmake', 'python']
[0.307s] Level 1:colcon.colcon_core.package_identification:_identify(.) by extension 'cmake'
[0.307s] Level 1:colcon.colcon_core.package_identification:_identify(.) by extension 'python'
[0.307s] Level 1:colcon.colcon_core.package_identification:_identify(.) by extensions ['python_setup_py']
[0.307s] Level 1:colcon.colcon_core.package_identification:_identify(.) by extension 'python_setup_py'
[0.307s] Level 1:colcon.colcon_core.package_identification:_identify(build) by extensions ['ignore', 'ignore_ament_install']
[0.307s] Level 1:colcon.colcon_core.package_identification:_identify(build) by extension 'ignore'
[0.307s] Level 1:colcon.colcon_core.package_identification:_identify(build) ignored
[0.307s] Level 1:colcon.colcon_core.package_identification:_identify(install) by extensions ['ignore', 'ignore_ament_install']
[0.307s] Level 1:colcon.colcon_core.package_identification:_identify(install) by extension 'ignore'
[0.307s] Level 1:colcon.colcon_core.package_identification:_identify(install) ignored
[0.307s] Level 1:colcon.colcon_core.package_identification:_identify(log) by extensions ['ignore', 'ignore_ament_install']
[0.307s] Level 1:colcon.colcon_core.package_identification:_identify(log) by extension 'ignore'
[0.307s] Level 1:colcon.colcon_core.package_identification:_identify(log) ignored
[0.307s] Level 1:colcon.colcon_core.package_identification:_identify(src) by extensions ['ignore', 'ignore_ament_install']
[0.307s] Level 1:colcon.colcon_core.package_identification:_identify(src) by extension 'ignore'
[0.307s] Level 1:colcon.colcon_core.package_identification:_identify(src) by extension 'ignore_ament_install'
[0.307s] Level 1:colcon.colcon_core.package_identification:_identify(src) by extensions ['colcon_pkg']
[0.307s] Level 1:colcon.colcon_core.package_identification:_identify(src) by extension 'colcon_pkg'
[0.307s] Level 1:colcon.colcon_core.package_identification:_identify(src) by extensions ['colcon_meta']
[0.308s] Level 1:colcon.colcon_core.package_identification:_identify(src) by extension 'colcon_meta'
[0.308s] Level 1:colcon.colcon_core.package_identification:_identify(src) by extensions ['ros']
[0.308s] Level 1:colcon.colcon_core.package_identification:_identify(src) by extension 'ros'
[0.308s] Level 1:colcon.colcon_core.package_identification:_identify(src) by extensions ['cmake', 'python']
[0.308s] Level 1:colcon.colcon_core.package_identification:_identify(src) by extension 'cmake'
[0.308s] Level 1:colcon.colcon_core.package_identification:_identify(src) by extension 'python'
[0.308s] Level 1:colcon.colcon_core.package_identification:_identify(src) by extensions ['python_setup_py']
[0.308s] Level 1:colcon.colcon_core.package_identification:_identify(src) by extension 'python_setup_py'
[0.308s] Level 1:colcon.colcon_core.package_identification:_identify(src/custom_interfaces) by extensions ['ignore', 'ignore_ament_install']
[0.308s] Level 1:colcon.colcon_core.package_identification:_identify(src/custom_interfaces) by extension 'ignore'
[0.308s] Level 1:colcon.colcon_core.package_identification:_identify(src/custom_interfaces) by extension 'ignore_ament_install'
[0.308s] Level 1:colcon.colcon_core.package_identification:_identify(src/custom_interfaces) by extensions ['colcon_pkg']
[0.308s] Level 1:colcon.colcon_core.package_identification:_identify(src/custom_interfaces) by extension 'colcon_pkg'
[0.308s] Level 1:colcon.colcon_core.package_identification:_identify(src/custom_interfaces) by extensions ['colcon_meta']
[0.308s] Level 1:colcon.colcon_core.package_identification:_identify(src/custom_interfaces) by extension 'colcon_meta'
[0.308s] Level 1:colcon.colcon_core.package_identification:_identify(src/custom_interfaces) by extensions ['ros']
[0.308s] Level 1:colcon.colcon_core.package_identification:_identify(src/custom_interfaces) by extension 'ros'
[0.309s] DEBUG:colcon.colcon_core.package_identification:Package 'src/custom_interfaces' with type 'ros.ament_cmake' and name 'custom_interfaces'
[0.310s] Level 1:colcon.colcon_core.package_identification:_identify(src/printer_client) by extensions ['ignore', 'ignore_ament_install']
[0.310s] Level 1:colcon.colcon_core.package_identification:_identify(src/printer_client) by extension 'ignore'
[0.310s] Level 1:colcon.colcon_core.package_identification:_identify(src/printer_client) by extension 'ignore_ament_install'
[0.310s] Level 1:colcon.colcon_core.package_identification:_identify(src/printer_client) by extensions ['colcon_pkg']
[0.310s] Level 1:colcon.colcon_core.package_identification:_identify(src/printer_client) by extension 'colcon_pkg'
[0.310s] Level 1:colcon.colcon_core.package_identification:_identify(src/printer_client) by extensions ['colcon_meta']
[0.310s] Level 1:colcon.colcon_core.package_identification:_identify(src/printer_client) by extension 'colcon_meta'
[0.310s] Level 1:colcon.colcon_core.package_identification:_identify(src/printer_client) by extensions ['ros']
[0.310s] Level 1:colcon.colcon_core.package_identification:_identify(src/printer_client) by extension 'ros'
[0.310s] DEBUG:colcon.colcon_core.package_identification:Package 'src/printer_client' with type 'ros.ament_python' and name 'printer_client'
[0.310s] Level 1:colcon.colcon_core.package_identification:_identify(src/printer_server) by extensions ['ignore', 'ignore_ament_install']
[0.310s] Level 1:colcon.colcon_core.package_identification:_identify(src/printer_server) by extension 'ignore'
[0.310s] Level 1:colcon.colcon_core.package_identification:_identify(src/printer_server) by extension 'ignore_ament_install'
[0.310s] Level 1:colcon.colcon_core.package_identification:_identify(src/printer_server) by extensions ['colcon_pkg']
[0.311s] Level 1:colcon.colcon_core.package_identification:_identify(src/printer_server) by extension 'colcon_pkg'
[0.311s] Level 1:colcon.colcon_core.package_identification:_identify(src/printer_server) by extensions ['colcon_meta']
[0.311s] Level 1:colcon.colcon_core.package_identification:_identify(src/printer_server) by extension 'colcon_meta'
[0.311s] Level 1:colcon.colcon_core.package_identification:_identify(src/printer_server) by extensions ['ros']
[0.311s] Level 1:colcon.colcon_core.package_identification:_identify(src/printer_server) by extension 'ros'
[0.311s] DEBUG:colcon.colcon_core.package_identification:Package 'src/printer_server' with type 'ros.ament_python' and name 'printer_server'
[0.311s] Level 1:colcon.colcon_core.package_discovery:discover_packages(recursive) using defaults
[0.311s] Level 1:colcon.colcon_core.package_discovery:discover_packages(ignore) discover
[0.311s] Level 1:colcon.colcon_core.package_discovery:discover_packages(ignore) using defaults
[0.311s] Level 1:colcon.colcon_core.package_discovery:discover_packages(path) discover
[0.311s] Level 1:colcon.colcon_core.package_discovery:discover_packages(path) using defaults
[0.340s] Level 1:colcon.colcon_core.package_discovery:discover_packages(prefix_path) check parameters
[0.340s] Level 1:colcon.colcon_core.package_discovery:discover_packages(prefix_path) discover
[0.352s] DEBUG:colcon.colcon_installed_package_information.package_discovery:Found 346 installed packages in /home/shash/ros2_humble/install
[0.353s] Level 1:colcon.colcon_core.package_discovery:discover_packages(prefix_path) using defaults
[0.368s] Level 5:colcon.colcon_core.verb:set package 'custom_interfaces' build argument 'cmake_args' from command line to 'None'
[0.368s] Level 5:colcon.colcon_core.verb:set package 'custom_interfaces' build argument 'cmake_target' from command line to 'None'
[0.368s] Level 5:colcon.colcon_core.verb:set package 'custom_interfaces' build argument 'cmake_target_skip_unavailable' from command line to 'False'
[0.368s] Level 5:colcon.colcon_core.verb:set package 'custom_interfaces' build argument 'cmake_clean_cache' from command line to 'False'
[0.368s] Level 5:colcon.colcon_core.verb:set package 'custom_interfaces' build argument 'cmake_clean_first' from command line to 'False'
[0.368s] Level 5:colcon.colcon_core.verb:set package 'custom_interfaces' build argument 'cmake_force_configure' from command line to 'False'
[0.368s] Level 5:colcon.colcon_core.verb:set package 'custom_interfaces' build argument 'ament_cmake_args' from command line to 'None'
[0.368s] Level 5:colcon.colcon_core.verb:set package 'custom_interfaces' build argument 'catkin_cmake_args' from command line to 'None'
[0.368s] Level 5:colcon.colcon_core.verb:set package 'custom_interfaces' build argument 'catkin_skip_building_tests' from command line to 'False'
[0.368s] DEBUG:colcon.colcon_core.verb:Building package 'custom_interfaces' with the following arguments: {'ament_cmake_args': None, 'build_base': '/home/shash/Task3/build/custom_interfaces', 'catkin_cmake_args': None, 'catkin_skip_building_tests': False, 'cmake_args': None, 'cmake_clean_cache': False, 'cmake_clean_first': False, 'cmake_force_configure': False, 'cmake_target': None, 'cmake_target_skip_unavailable': False, 'install_base': '/home/shash/Task3/install/custom_interfaces', 'merge_install': False, 'path': '/home/shash/Task3/src/custom_interfaces', 'symlink_install': False, 'test_result_base': None}
[0.368s] Level 5:colcon.colcon_core.verb:set package 'printer_client' build argument 'cmake_args' from command line to 'None'
[0.368s] Level 5:colcon.colcon_core.verb:set package 'printer_client' build argument 'cmake_target' from command line to 'None'
[0.368s] Level 5:colcon.colcon_core.verb:set package 'printer_client' build argument 'cmake_target_skip_unavailable' from command line to 'False'
[0.368s] Level 5:colcon.colcon_core.verb:set package 'printer_client' build argument 'cmake_clean_cache' from command line to 'False'
[0.368s] Level 5:colcon.colcon_core.verb:set package 'printer_client' build argument 'cmake_clean_first' from command line to 'False'
[0.368s] Level 5:colcon.colcon_core.verb:set package 'printer_client' build argument 'cmake_force_configure' from command line to 'False'
[0.368s] Level 5:colcon.colcon_core.verb:set package 'printer_client' build argument 'ament_cmake_args' from command line to 'None'
[0.368s] Level 5:colcon.colcon_core.verb:set package 'printer_client' build argument 'catkin_cmake_args' from command line to 'None'
[0.368s] Level 5:colcon.colcon_core.verb:set package 'printer_client' build argument 'catkin_skip_building_tests' from command line to 'False'
[0.368s] DEBUG:colcon.colcon_core.verb:Building package 'printer_client' with the following arguments: {'ament_cmake_args': None, 'build_base': '/home/shash/Task3/build/printer_client', 'catkin_cmake_args': None, 'catkin_skip_building_tests': False, 'cmake_args': None, 'cmake_clean_cache': False, 'cmake_clean_first': False, 'cmake_force_configure': False, 'cmake_target': None, 'cmake_target_skip_unavailable': False, 'install_base': '/home/shash/Task3/install/printer_client', 'merge_install': False, 'path': '/home/shash/Task3/src/printer_client', 'symlink_install': False, 'test_result_base': None}
[0.369s] Level 5:colcon.colcon_core.verb:set package 'printer_server' build argument 'cmake_args' from command line to 'None'
[0.369s] Level 5:colcon.colcon_core.verb:set package 'printer_server' build argument 'cmake_target' from command line to 'None'
[0.369s] Level 5:colcon.colcon_core.verb:set package 'printer_server' build argument 'cmake_target_skip_unavailable' from command line to 'False'
[0.369s] Level 5:colcon.colcon_core.verb:set package 'printer_server' build argument 'cmake_clean_cache' from command line to 'False'
[0.369s] Level 5:colcon.colcon_core.verb:set package 'printer_server' build argument 'cmake_clean_first' from command line to 'False'
[0.369s] Level 5:colcon.colcon_core.verb:set package 'printer_server' build argument 'cmake_force_configure' from command line to 'False'
[0.369s] Level 5:colcon.colcon_core.verb:set package 'printer_server' build argument 'ament_cmake_args' from command line to 'None'
[0.369s] Level 5:colcon.colcon_core.verb:set package 'printer_server' build argument 'catkin_cmake_args' from command line to 'None'
[0.369s] Level 5:colcon.colcon_core.verb:set package 'printer_server' build argument 'catkin_skip_building_tests' from command line to 'False'
[0.369s] DEBUG:colcon.colcon_core.verb:Building package 'printer_server' with the following arguments: {'ament_cmake_args': None, 'build_base': '/home/shash/Task3/build/printer_server', 'catkin_cmake_args': None, 'catkin_skip_building_tests': False, 'cmake_args': None, 'cmake_clean_cache': False, 'cmake_clean_first': False, 'cmake_force_configure': False, 'cmake_target': None, 'cmake_target_skip_unavailable': False, 'install_base': '/home/shash/Task3/install/printer_server', 'merge_install': False, 'path': '/home/shash/Task3/src/printer_server', 'symlink_install': False, 'test_result_base': None}
[0.369s] INFO:colcon.colcon_core.executor:Executing jobs using 'parallel' executor
[0.370s] DEBUG:colcon.colcon_parallel_executor.executor.parallel:run_until_complete
[0.370s] INFO:colcon.colcon_ros.task.ament_cmake.build:Building ROS package in '/home/shash/Task3/src/custom_interfaces' with build type 'ament_cmake'
[0.370s] INFO:colcon.colcon_cmake.task.cmake.build:Building CMake package in '/home/shash/Task3/src/custom_interfaces'
[0.374s] INFO:colcon.colcon_core.plugin_system:Skipping extension 'colcon_core.shell.bat': Not used on non-Windows systems
[0.374s] INFO:colcon.colcon_core.shell:Skip shell extension 'powershell' for command environment: Not usable outside of PowerShell
[0.374s] DEBUG:colcon.colcon_core.shell:Skip shell extension 'dsv' for command environment
[0.397s] DEBUG:colcon.colcon_core.event_handler.log_command:Invoking command in '/home/shash/Task3/build/custom_interfaces': CMAKE_PREFIX_PATH=${CMAKE_PREFIX_PATH}:/home/shash/ros2_humble/install/rqt_bag_plugins:/home/shash/ros2_humble/install/rqt_bag:/home/shash/ros2_humble/install/launch_testing_examples:/home/shash/ros2_humble/install/ros2bag:/home/shash/ros2_humble/install/tracetools_test:/home/shash/ros2_humble/install/tracetools_launch:/home/shash/ros2_humble/install/topic_monitor:/home/shash/ros2_humble/install/tf2_tools:/home/shash/ros2_humble/install/examples_tf2_py:/home/shash/ros2_humble/install/tf2_ros_py:/home/shash/ros2_humble/install/sros2:/home/shash/ros2_humble/install/rqt_topic:/home/shash/ros2_humble/install/rqt_srv:/home/shash/ros2_humble/install/rqt_shell:/home/shash/ros2_humble/install/rqt_service_caller:/home/shash/ros2_humble/install/rqt_reconfigure:/home/shash/ros2_humble/install/rqt_py_console:/home/shash/ros2_humble/install/rqt_publisher:/home/shash/ros2_humble/install/rqt_plot:/home/shash/ros2_humble/install/rqt_action:/home/shash/ros2_humble/install/rqt_msg:/home/shash/ros2_humble/install/rqt_console:/home/shash/ros2_humble/install/rqt:/home/shash/ros2_humble/install/rqt_graph:/home/shash/ros2_humble/install/rqt_gui_py:/home/shash/ros2_humble/install/rqt_gui:/home/shash/ros2_humble/install/ros2trace:/home/shash/ros2_humble/install/ros2topic:/home/shash/ros2_humble/install/ros2test:/home/shash/ros2_humble/install/ros2component:/home/shash/ros2_humble/install/ros2param:/home/shash/ros2_humble/install/ros2lifecycle:/home/shash/ros2_humble/install/ros2service:/home/shash/ros2_humble/install/ros2run:/home/shash/ros2_humble/install/ros2launch:/home/shash/ros2_humble/install/ros2pkg:/home/shash/ros2_humble/install/ros2node:/home/shash/ros2_humble/install/ros2multicast:/home/shash/ros2_humble/install/ros2interface:/home/shash/ros2_humble/install/ros2doctor:/home/shash/ros2_humble/install/ros2action:/home/shash/ros2_humble/install/ros2cli:/home/shash/ros2_humble/install/quality_of_service_demo_py:/home/shash/ros2_humble/install/lifecycle_py:/home/shash/ros2_humble/install/launch_testing_ros:/home/shash/ros2_humble/install/launch_ros:/home/shash/ros2_humble/install/examples_rclpy_pointcloud_publisher:/home/shash/ros2_humble/install/examples_rclpy_minimal_subscriber:/home/shash/ros2_humble/install/examples_rclpy_minimal_service:/home/shash/ros2_humble/install/examples_rclpy_minimal_publisher:/home/shash/ros2_humble/install/examples_rclpy_minimal_client:/home/shash/ros2_humble/install/examples_rclpy_minimal_action_server:/home/shash/ros2_humble/install/examples_rclpy_minimal_action_client:/home/shash/ros2_humble/install/examples_rclpy_guard_conditions:/home/shash/ros2_humble/install/examples_rclpy_executors:/home/shash/ros2_humble/install/demo_nodes_py:/home/shash/ros2_humble/install/camera_info_manager_py:/home/shash/ros2_humble/install/action_tutorials_py:/home/shash/ros2_humble/install/ament_uncrustify:/home/shash/ros2_humble/install/tracetools_trace:/home/shash/ros2_humble/install/tracetools_read:/home/shash/ros2_humble/install/logging_demo:/home/shash/ros2_humble/install/test_tracetools_launch:/home/shash/ros2_humble/install/test_launch_ros:/home/shash/ros2_humble/install/sensor_msgs_py:/home/shash/ros2_humble/install/rpyutils:/home/shash/ros2_humble/install/rosidl_runtime_py:/home/shash/ros2_humble/install/rosidl_cli:/home/shash/ros2_humble/install/launch_pytest:/home/shash/ros2_humble/install/launch_testing:/home/shash/ros2_humble/install/launch_yaml:/home/shash/ros2_humble/install/launch_xml:/home/shash/ros2_humble/install/launch:/home/shash/ros2_humble/install/osrf_pycommon:/home/shash/ros2_humble/install/domain_coordinator:/home/shash/ros2_humble/install/ament_xmllint:/home/shash/ros2_humble/install/ament_pyflakes:/home/shash/ros2_humble/install/ament_pycodestyle:/home/shash/ros2_humble/install/ament_pep257:/home/shash/ros2_humble/install/ament_pclint:/home/shash/ros2_humble/install/ament_package:/home/shash/ros2_humble/install/ament_mypy:/home/shash/ros2_humble/install/ament_lint_cmake:/home/shash/ros2_humble/install/ament_flake8:/home/shash/ros2_humble/install/ament_copyright:/home/shash/ros2_humble/install/ament_lint:/home/shash/ros2_humble/install/ament_index_python:/home/shash/ros2_humble/install/ament_cpplint:/home/shash/ros2_humble/install/ament_cppcheck:/home/shash/ros2_humble/install/ament_clang_tidy:/home/shash/ros2_humble/install/ament_clang_format /usr/bin/cmake --build /home/shash/Task3/build/custom_interfaces -- -j16 -l16
[0.904s] DEBUG:colcon.colcon_core.event_handler.log_command:Invoked command in '/home/shash/Task3/build/custom_interfaces' returned '0': CMAKE_PREFIX_PATH=${CMAKE_PREFIX_PATH}:/home/shash/ros2_humble/install/rqt_bag_plugins:/home/shash/ros2_humble/install/rqt_bag:/home/shash/ros2_humble/install/launch_testing_examples:/home/shash/ros2_humble/install/ros2bag:/home/shash/ros2_humble/install/tracetools_test:/home/shash/ros2_humble/install/tracetools_launch:/home/shash/ros2_humble/install/topic_monitor:/home/shash/ros2_humble/install/tf2_tools:/home/shash/ros2_humble/install/examples_tf2_py:/home/shash/ros2_humble/install/tf2_ros_py:/home/shash/ros2_humble/install/sros2:/home/shash/ros2_humble/install/rqt_topic:/home/shash/ros2_humble/install/rqt_srv:/home/shash/ros2_humble/install/rqt_shell:/home/shash/ros2_humble/install/rqt_service_caller:/home/shash/ros2_humble/install/rqt_reconfigure:/home/shash/ros2_humble/install/rqt_py_console:/home/shash/ros2_humble/install/rqt_publisher:/home/shash/ros2_humble/install/rqt_plot:/home/shash/ros2_humble/install/rqt_action:/home/shash/ros2_humble/install/rqt_msg:/home/shash/ros2_humble/install/rqt_console:/home/shash/ros2_humble/install/rqt:/home/shash/ros2_humble/install/rqt_graph:/home/shash/ros2_humble/install/rqt_gui_py:/home/shash/ros2_humble/install/rqt_gui:/home/shash/ros2_humble/install/ros2trace:/home/shash/ros2_humble/install/ros2topic:/home/shash/ros2_humble/install/ros2test:/home/shash/ros2_humble/install/ros2component:/home/shash/ros2_humble/install/ros2param:/home/shash/ros2_humble/install/ros2lifecycle:/home/shash/ros2_humble/install/ros2service:/home/shash/ros2_humble/install/ros2run:/home/shash/ros2_humble/install/ros2launch:/home/shash/ros2_humble/install/ros2pkg:/home/shash/ros2_humble/install/ros2node:/home/shash/ros2_humble/install/ros2multicast:/home/shash/ros2_humble/install/ros2interface:/home/shash/ros2_humble/install/ros2doctor:/home/shash/ros2_humble/install/ros2action:/home/shash/ros2_humble/install/ros2cli:/home/shash/ros2_humble/install/quality_of_service_demo_py:/home/shash/ros2_humble/install/lifecycle_py:/home/shash/ros2_humble/install/launch_testing_ros:/home/shash/ros2_humble/install/launch_ros:/home/shash/ros2_humble/install/examples_rclpy_pointcloud_publisher:/home/shash/ros2_humble/install/examples_rclpy_minimal_subscriber:/home/shash/ros2_humble/install/examples_rclpy_minimal_service:/home/shash/ros2_humble/install/examples_rclpy_minimal_publisher:/home/shash/ros2_humble/install/examples_rclpy_minimal_client:/home/shash/ros2_humble/install/examples_rclpy_minimal_action_server:/home/shash/ros2_humble/install/examples_rclpy_minimal_action_client:/home/shash/ros2_humble/install/examples_rclpy_guard_conditions:/home/shash/ros2_humble/install/examples_rclpy_executors:/home/shash/ros2_humble/install/demo_nodes_py:/home/shash/ros2_humble/install/camera_info_manager_py:/home/shash/ros2_humble/install/action_tutorials_py:/home/shash/ros2_humble/install/ament_uncrustify:/home/shash/ros2_humble/install/tracetools_trace:/home/shash/ros2_humble/install/tracetools_read:/home/shash/ros2_humble/install/logging_demo:/home/shash/ros2_humble/install/test_tracetools_launch:/home/shash/ros2_humble/install/test_launch_ros:/home/shash/ros2_humble/install/sensor_msgs_py:/home/shash/ros2_humble/install/rpyutils:/home/shash/ros2_humble/install/rosidl_runtime_py:/home/shash/ros2_humble/install/rosidl_cli:/home/shash/ros2_humble/install/launch_pytest:/home/shash/ros2_humble/install/launch_testing:/home/shash/ros2_humble/install/launch_yaml:/home/shash/ros2_humble/install/launch_xml:/home/shash/ros2_humble/install/launch:/home/shash/ros2_humble/install/osrf_pycommon:/home/shash/ros2_humble/install/domain_coordinator:/home/shash/ros2_humble/install/ament_xmllint:/home/shash/ros2_humble/install/ament_pyflakes:/home/shash/ros2_humble/install/ament_pycodestyle:/home/shash/ros2_humble/install/ament_pep257:/home/shash/ros2_humble/install/ament_pclint:/home/shash/ros2_humble/install/ament_package:/home/shash/ros2_humble/install/ament_mypy:/home/shash/ros2_humble/install/ament_lint_cmake:/home/shash/ros2_humble/install/ament_flake8:/home/shash/ros2_humble/install/ament_copyright:/home/shash/ros2_humble/install/ament_lint:/home/shash/ros2_humble/install/ament_index_python:/home/shash/ros2_humble/install/ament_cpplint:/home/shash/ros2_humble/install/ament_cppcheck:/home/shash/ros2_humble/install/ament_clang_tidy:/home/shash/ros2_humble/install/ament_clang_format /usr/bin/cmake --build /home/shash/Task3/build/custom_interfaces -- -j16 -l16
[0.919s] DEBUG:colcon.colcon_core.event_handler.log_command:Invoking command in '/home/shash/Task3/build/custom_interfaces': CMAKE_PREFIX_PATH=${CMAKE_PREFIX_PATH}:/home/shash/ros2_humble/install/rqt_bag_plugins:/home/shash/ros2_humble/install/rqt_bag:/home/shash/ros2_humble/install/launch_testing_examples:/home/shash/ros2_humble/install/ros2bag:/home/shash/ros2_humble/install/tracetools_test:/home/shash/ros2_humble/install/tracetools_launch:/home/shash/ros2_humble/install/topic_monitor:/home/shash/ros2_humble/install/tf2_tools:/home/shash/ros2_humble/install/examples_tf2_py:/home/shash/ros2_humble/install/tf2_ros_py:/home/shash/ros2_humble/install/sros2:/home/shash/ros2_humble/install/rqt_topic:/home/shash/ros2_humble/install/rqt_srv:/home/shash/ros2_humble/install/rqt_shell:/home/shash/ros2_humble/install/rqt_service_caller:/home/shash/ros2_humble/install/rqt_reconfigure:/home/shash/ros2_humble/install/rqt_py_console:/home/shash/ros2_humble/install/rqt_publisher:/home/shash/ros2_humble/install/rqt_plot:/home/shash/ros2_humble/install/rqt_action:/home/shash/ros2_humble/install/rqt_msg:/home/shash/ros2_humble/install/rqt_console:/home/shash/ros2_humble/install/rqt:/home/shash/ros2_humble/install/rqt_graph:/home/shash/ros2_humble/install/rqt_gui_py:/home/shash/ros2_humble/install/rqt_gui:/home/shash/ros2_humble/install/ros2trace:/home/shash/ros2_humble/install/ros2topic:/home/shash/ros2_humble/install/ros2test:/home/shash/ros2_humble/install/ros2component:/home/shash/ros2_humble/install/ros2param:/home/shash/ros2_humble/install/ros2lifecycle:/home/shash/ros2_humble/install/ros2service:/home/shash/ros2_humble/install/ros2run:/home/shash/ros2_humble/install/ros2launch:/home/shash/ros2_humble/install/ros2pkg:/home/shash/ros2_humble/install/ros2node:/home/shash/ros2_humble/install/ros2multicast:/home/shash/ros2_humble/install/ros2interface:/home/shash/ros2_humble/install/ros2doctor:/home/shash/ros2_humble/install/ros2action:/home/shash/ros2_humble/install/ros2cli:/home/shash/ros2_humble/install/quality_of_service_demo_py:/home/shash/ros2_humble/install/lifecycle_py:/home/shash/ros2_humble/install/launch_testing_ros:/home/shash/ros2_humble/install/launch_ros:/home/shash/ros2_humble/install/examples_rclpy_pointcloud_publisher:/home/shash/ros2_humble/install/examples_rclpy_minimal_subscriber:/home/shash/ros2_humble/install/examples_rclpy_minimal_service:/home/shash/ros2_humble/install/examples_rclpy_minimal_publisher:/home/shash/ros2_humble/install/examples_rclpy_minimal_client:/home/shash/ros2_humble/install/examples_rclpy_minimal_action_server:/home/shash/ros2_humble/install/examples_rclpy_minimal_action_client:/home/shash/ros2_humble/install/examples_rclpy_guard_conditions:/home/shash/ros2_humble/install/examples_rclpy_executors:/home/shash/ros2_humble/install/demo_nodes_py:/home/shash/ros2_humble/install/camera_info_manager_py:/home/shash/ros2_humble/install/action_tutorials_py:/home/shash/ros2_humble/install/ament_uncrustify:/home/shash/ros2_humble/install/tracetools_trace:/home/shash/ros2_humble/install/tracetools_read:/home/shash/ros2_humble/install/logging_demo:/home/shash/ros2_humble/install/test_tracetools_launch:/home/shash/ros2_humble/install/test_launch_ros:/home/shash/ros2_humble/install/sensor_msgs_py:/home/shash/ros2_humble/install/rpyutils:/home/shash/ros2_humble/install/rosidl_runtime_py:/home/shash/ros2_humble/install/rosidl_cli:/home/shash/ros2_humble/install/launch_pytest:/home/shash/ros2_humble/install/launch_testing:/home/shash/ros2_humble/install/launch_yaml:/home/shash/ros2_humble/install/launch_xml:/home/shash/ros2_humble/install/launch:/home/shash/ros2_humble/install/osrf_pycommon:/home/shash/ros2_humble/install/domain_coordinator:/home/shash/ros2_humble/install/ament_xmllint:/home/shash/ros2_humble/install/ament_pyflakes:/home/shash/ros2_humble/install/ament_pycodestyle:/home/shash/ros2_humble/install/ament_pep257:/home/shash/ros2_humble/install/ament_pclint:/home/shash/ros2_humble/install/ament_package:/home/shash/ros2_humble/install/ament_mypy:/home/shash/ros2_humble/install/ament_lint_cmake:/home/shash/ros2_humble/install/ament_flake8:/home/shash/ros2_humble/install/ament_copyright:/home/shash/ros2_humble/install/ament_lint:/home/shash/ros2_humble/install/ament_index_python:/home/shash/ros2_humble/install/ament_cpplint:/home/shash/ros2_humble/install/ament_cppcheck:/home/shash/ros2_humble/install/ament_clang_tidy:/home/shash/ros2_humble/install/ament_clang_format /usr/bin/cmake --install /home/shash/Task3/build/custom_interfaces
[1.036s] Level 1:colcon.colcon_core.environment:create_environment_scripts_only(custom_interfaces)
[1.037s] DEBUG:colcon.colcon_core.event_handler.log_command:Invoked command in '/home/shash/Task3/build/custom_interfaces' returned '0': CMAKE_PREFIX_PATH=${CMAKE_PREFIX_PATH}:/home/shash/ros2_humble/install/rqt_bag_plugins:/home/shash/ros2_humble/install/rqt_bag:/home/shash/ros2_humble/install/launch_testing_examples:/home/shash/ros2_humble/install/ros2bag:/home/shash/ros2_humble/install/tracetools_test:/home/shash/ros2_humble/install/tracetools_launch:/home/shash/ros2_humble/install/topic_monitor:/home/shash/ros2_humble/install/tf2_tools:/home/shash/ros2_humble/install/examples_tf2_py:/home/shash/ros2_humble/install/tf2_ros_py:/home/shash/ros2_humble/install/sros2:/home/shash/ros2_humble/install/rqt_topic:/home/shash/ros2_humble/install/rqt_srv:/home/shash/ros2_humble/install/rqt_shell:/home/shash/ros2_humble/install/rqt_service_caller:/home/shash/ros2_humble/install/rqt_reconfigure:/home/shash/ros2_humble/install/rqt_py_console:/home/shash/ros2_humble/install/rqt_publisher:/home/shash/ros2_humble/install/rqt_plot:/home/shash/ros2_humble/install/rqt_action:/home/shash/ros2_humble/install/rqt_msg:/home/shash/ros2_humble/install/rqt_console:/home/shash/ros2_humble/install/rqt:/home/shash/ros2_humble/install/rqt_graph:/home/shash/ros2_humble/install/rqt_gui_py:/home/shash/ros2_humble/install/rqt_gui:/home/shash/ros2_humble/install/ros2trace:/home/shash/ros2_humble/install/ros2topic:/home/shash/ros2_humble/install/ros2test:/home/shash/ros2_humble/install/ros2component:/home/shash/ros2_humble/install/ros2param:/home/shash/ros2_humble/install/ros2lifecycle:/home/shash/ros2_humble/install/ros2service:/home/shash/ros2_humble/install/ros2run:/home/shash/ros2_humble/install/ros2launch:/home/shash/ros2_humble/install/ros2pkg:/home/shash/ros2_humble/install/ros2node:/home/shash/ros2_humble/install/ros2multicast:/home/shash/ros2_humble/install/ros2interface:/home/shash/ros2_humble/install/ros2doctor:/home/shash/ros2_humble/install/ros2action:/home/shash/ros2_humble/install/ros2cli:/home/shash/ros2_humble/install/quality_of_service_demo_py:/home/shash/ros2_humble/install/lifecycle_py:/home/shash/ros2_humble/install/launch_testing_ros:/home/shash/ros2_humble/install/launch_ros:/home/shash/ros2_humble/install/examples_rclpy_pointcloud_publisher:/home/shash/ros2_humble/install/examples_rclpy_minimal_subscriber:/home/shash/ros2_humble/install/examples_rclpy_minimal_service:/home/shash/ros2_humble/install/examples_rclpy_minimal_publisher:/home/shash/ros2_humble/install/examples_rclpy_minimal_client:/home/shash/ros2_humble/install/examples_rclpy_minimal_action_server:/home/shash/ros2_humble/install/examples_rclpy_minimal_action_client:/home/shash/ros2_humble/install/examples_rclpy_guard_conditions:/home/shash/ros2_humble/install/examples_rclpy_executors:/home/shash/ros2_humble/install/demo_nodes_py:/home/shash/ros2_humble/install/camera_info_manager_py:/home/shash/ros2_humble/install/action_tutorials_py:/home/shash/ros2_humble/install/ament_uncrustify:/home/shash/ros2_humble/install/tracetools_trace:/home/shash/ros2_humble/install/tracetools_read:/home/shash/ros2_humble/install/logging_demo:/home/shash/ros2_humble/install/test_tracetools_launch:/home/shash/ros2_humble/install/test_launch_ros:/home/shash/ros2_humble/install/sensor_msgs_py:/home/shash/ros2_humble/install/rpyutils:/home/shash/ros2_humble/install/rosidl_runtime_py:/home/shash/ros2_humble/install/rosidl_cli:/home/shash/ros2_humble/install/launch_pytest:/home/shash/ros2_humble/install/launch_testing:/home/shash/ros2_humble/install/launch_yaml:/home/shash/ros2_humble/install/launch_xml:/home/shash/ros2_humble/install/launch:/home/shash/ros2_humble/install/osrf_pycommon:/home/shash/ros2_humble/install/domain_coordinator:/home/shash/ros2_humble/install/ament_xmllint:/home/shash/ros2_humble/install/ament_pyflakes:/home/shash/ros2_humble/install/ament_pycodestyle:/home/shash/ros2_humble/install/ament_pep257:/home/shash/ros2_humble/install/ament_pclint:/home/shash/ros2_humble/install/ament_package:/home/shash/ros2_humble/install/ament_mypy:/home/shash/ros2_humble/install/ament_lint_cmake:/home/shash/ros2_humble/install/ament_flake8:/home/shash/ros2_humble/install/ament_copyright:/home/shash/ros2_humble/install/ament_lint:/home/shash/ros2_humble/install/ament_index_python:/home/shash/ros2_humble/install/ament_cpplint:/home/shash/ros2_humble/install/ament_cppcheck:/home/shash/ros2_humble/install/ament_clang_tidy:/home/shash/ros2_humble/install/ament_clang_format /usr/bin/cmake --install /home/shash/Task3/build/custom_interfaces
[1.040s] Level 1:colcon.colcon_core.environment:checking '/home/shash/Task3/install/custom_interfaces' for CMake module files
[1.041s] Level 1:colcon.colcon_core.environment:checking '/home/shash/Task3/install/custom_interfaces' for CMake config files
[1.041s] Level 1:colcon.colcon_core.shell:create_environment_hook('custom_interfaces', 'cmake_prefix_path')
[1.041s] INFO:colcon.colcon_core.shell:Creating environment hook '/home/shash/Task3/install/custom_interfaces/share/custom_interfaces/hook/cmake_prefix_path.ps1'
[1.042s] INFO:colcon.colcon_core.shell:Creating environment descriptor '/home/shash/Task3/install/custom_interfaces/share/custom_interfaces/hook/cmake_prefix_path.dsv'
[1.042s] INFO:colcon.colcon_core.shell:Creating environment hook '/home/shash/Task3/install/custom_interfaces/share/custom_interfaces/hook/cmake_prefix_path.sh'
[1.042s] Level 1:colcon.colcon_core.environment:checking '/home/shash/Task3/install/custom_interfaces/lib'
[1.042s] Level 1:colcon.colcon_core.shell:create_environment_hook('custom_interfaces', 'ld_library_path_lib')
[1.043s] INFO:colcon.colcon_core.shell:Creating environment hook '/home/shash/Task3/install/custom_interfaces/share/custom_interfaces/hook/ld_library_path_lib.ps1'
[1.043s] INFO:colcon.colcon_core.shell:Creating environment descriptor '/home/shash/Task3/install/custom_interfaces/share/custom_interfaces/hook/ld_library_path_lib.dsv'
[1.043s] INFO:colcon.colcon_core.shell:Creating environment hook '/home/shash/Task3/install/custom_interfaces/share/custom_interfaces/hook/ld_library_path_lib.sh'
[1.043s] Level 1:colcon.colcon_core.environment:checking '/home/shash/Task3/install/custom_interfaces/bin'
[1.043s] Level 1:colcon.colcon_core.environment:checking '/home/shash/Task3/install/custom_interfaces/lib/pkgconfig/custom_interfaces.pc'
[1.045s] Level 1:colcon.colcon_core.environment:checking '/home/shash/Task3/install/custom_interfaces/lib/python3.10/site-packages'
[1.045s] Level 1:colcon.colcon_core.environment:checking '/home/shash/Task3/install/custom_interfaces/bin'
[1.046s] INFO:colcon.colcon_core.shell:Creating package script '/home/shash/Task3/install/custom_interfaces/share/custom_interfaces/package.ps1'
[1.046s] INFO:colcon.colcon_core.shell:Creating package descriptor '/home/shash/Task3/install/custom_interfaces/share/custom_interfaces/package.dsv'
[1.046s] INFO:colcon.colcon_core.shell:Creating package script '/home/shash/Task3/install/custom_interfaces/share/custom_interfaces/package.sh'
[1.047s] INFO:colcon.colcon_core.shell:Creating package script '/home/shash/Task3/install/custom_interfaces/share/custom_interfaces/package.bash'
[1.047s] INFO:colcon.colcon_core.shell:Creating package script '/home/shash/Task3/install/custom_interfaces/share/custom_interfaces/package.zsh'
[1.048s] Level 1:colcon.colcon_core.environment:create_file_with_runtime_dependencies(/home/shash/Task3/install/custom_interfaces/share/colcon-core/packages/custom_interfaces)
[1.048s] Level 1:colcon.colcon_core.environment:create_environment_scripts_only(custom_interfaces)
[1.048s] Level 1:colcon.colcon_core.environment:checking '/home/shash/Task3/install/custom_interfaces' for CMake module files
[1.048s] Level 1:colcon.colcon_core.environment:checking '/home/shash/Task3/install/custom_interfaces' for CMake config files
[1.049s] Level 1:colcon.colcon_core.shell:create_environment_hook('custom_interfaces', 'cmake_prefix_path')
[1.049s] INFO:colcon.colcon_core.shell:Creating environment hook '/home/shash/Task3/install/custom_interfaces/share/custom_interfaces/hook/cmake_prefix_path.ps1'
[1.049s] INFO:colcon.colcon_core.shell:Creating environment descriptor '/home/shash/Task3/install/custom_interfaces/share/custom_interfaces/hook/cmake_prefix_path.dsv'
[1.049s] INFO:colcon.colcon_core.shell:Creating environment hook '/home/shash/Task3/install/custom_interfaces/share/custom_interfaces/hook/cmake_prefix_path.sh'
[1.049s] Level 1:colcon.colcon_core.environment:checking '/home/shash/Task3/install/custom_interfaces/lib'
[1.050s] Level 1:colcon.colcon_core.shell:create_environment_hook('custom_interfaces', 'ld_library_path_lib')
[1.050s] INFO:colcon.colcon_core.shell:Creating environment hook '/home/shash/Task3/install/custom_interfaces/share/custom_interfaces/hook/ld_library_path_lib.ps1'
[1.050s] INFO:colcon.colcon_core.shell:Creating environment descriptor '/home/shash/Task3/install/custom_interfaces/share/custom_interfaces/hook/ld_library_path_lib.dsv'
[1.050s] INFO:colcon.colcon_core.shell:Creating environment hook '/home/shash/Task3/install/custom_interfaces/share/custom_interfaces/hook/ld_library_path_lib.sh'
[1.050s] Level 1:colcon.colcon_core.environment:checking '/home/shash/Task3/install/custom_interfaces/bin'
[1.050s] Level 1:colcon.colcon_core.environment:checking '/home/shash/Task3/install/custom_interfaces/lib/pkgconfig/custom_interfaces.pc'
[1.050s] Level 1:colcon.colcon_core.environment:checking '/home/shash/Task3/install/custom_interfaces/lib/python3.10/site-packages'
[1.051s] Level 1:colcon.colcon_core.environment:checking '/home/shash/Task3/install/custom_interfaces/bin'
[1.051s] INFO:colcon.colcon_core.shell:Creating package script '/home/shash/Task3/install/custom_interfaces/share/custom_interfaces/package.ps1'
[1.051s] INFO:colcon.colcon_core.shell:Creating package descriptor '/home/shash/Task3/install/custom_interfaces/share/custom_interfaces/package.dsv'
[1.051s] INFO:colcon.colcon_core.shell:Creating package script '/home/shash/Task3/install/custom_interfaces/share/custom_interfaces/package.sh'
[1.052s] INFO:colcon.colcon_core.shell:Creating package script '/home/shash/Task3/install/custom_interfaces/share/custom_interfaces/package.bash'
[1.052s] INFO:colcon.colcon_core.shell:Creating package script '/home/shash/Task3/install/custom_interfaces/share/custom_interfaces/package.zsh'
[1.052s] Level 1:colcon.colcon_core.environment:create_file_with_runtime_dependencies(/home/shash/Task3/install/custom_interfaces/share/colcon-core/packages/custom_interfaces)
[1.052s] INFO:colcon.colcon_ros.task.ament_python.build:Building ROS package in '/home/shash/Task3/src/printer_client' with build type 'ament_python'
[1.052s] Level 1:colcon.colcon_core.shell:create_environment_hook('printer_client', 'ament_prefix_path')
[1.053s] INFO:colcon.colcon_core.shell:Creating environment hook '/home/shash/Task3/install/printer_client/share/printer_client/hook/ament_prefix_path.ps1'
[1.053s] INFO:colcon.colcon_core.shell:Creating environment descriptor '/home/shash/Task3/install/printer_client/share/printer_client/hook/ament_prefix_path.dsv'
[1.053s] INFO:colcon.colcon_core.shell:Creating environment hook '/home/shash/Task3/install/printer_client/share/printer_client/hook/ament_prefix_path.sh'
[1.053s] INFO:colcon.colcon_core.shell:Skip shell extension 'powershell' for command environment: Not usable outside of PowerShell
[1.054s] DEBUG:colcon.colcon_core.shell:Skip shell extension 'dsv' for command environment
[1.067s] INFO:colcon.colcon_ros.task.ament_python.build:Building ROS package in '/home/shash/Task3/src/printer_server' with build type 'ament_python'
[1.067s] Level 1:colcon.colcon_core.shell:create_environment_hook('printer_server', 'ament_prefix_path')
[1.067s] INFO:colcon.colcon_core.shell:Creating environment hook '/home/shash/Task3/install/printer_server/share/printer_server/hook/ament_prefix_path.ps1'
[1.067s] INFO:colcon.colcon_core.shell:Creating environment descriptor '/home/shash/Task3/install/printer_server/share/printer_server/hook/ament_prefix_path.dsv'
[1.068s] INFO:colcon.colcon_core.shell:Creating environment hook '/home/shash/Task3/install/printer_server/share/printer_server/hook/ament_prefix_path.sh'
[1.068s] INFO:colcon.colcon_core.shell:Skip shell extension 'powershell' for command environment: Not usable outside of PowerShell
[1.068s] DEBUG:colcon.colcon_core.shell:Skip shell extension 'dsv' for command environment
[1.410s] INFO:colcon.colcon_core.task.python.build:Building Python package in '/home/shash/Task3/src/printer_client'
[1.410s] INFO:colcon.colcon_core.shell:Skip shell extension 'powershell' for command environment: Not usable outside of PowerShell
[1.410s] DEBUG:colcon.colcon_core.shell:Skip shell extension 'dsv' for command environment
[1.745s] INFO:colcon.colcon_core.task.python.build:Building Python package in '/home/shash/Task3/src/printer_server'
[1.745s] INFO:colcon.colcon_core.shell:Skip shell extension 'powershell' for command environment: Not usable outside of PowerShell
[1.745s] DEBUG:colcon.colcon_core.shell:Skip shell extension 'dsv' for command environment
[2.193s] DEBUG:colcon.colcon_core.event_handler.log_command:Invoking command in '/home/shash/Task3/src/printer_client': AMENT_PREFIX_PATH=/home/shash/Task3/install/custom_interfaces:${AMENT_PREFIX_PATH} CMAKE_PREFIX_PATH=/home/shash/Task3/install/custom_interfaces:${CMAKE_PREFIX_PATH} LD_LIBRARY_PATH=/home/shash/Task3/install/custom_interfaces/lib:${LD_LIBRARY_PATH} PYTHONPATH=/home/shash/Task3/build/printer_client/prefix_override:/usr/lib/python3/dist-packages/colcon_core/task/python/colcon_distutils_commands:/home/shash/Task3/install/printer_client/lib/python3.10/site-packages:/home/shash/Task3/install/custom_interfaces/local/lib/python3.10/dist-packages:${PYTHONPATH} /usr/bin/python3 -W ignore:setup.py install is deprecated -W ignore:easy_install command is deprecated setup.py egg_info --egg-base ../../build/printer_client build --build-base /home/shash/Task3/build/printer_client/build install --record /home/shash/Task3/build/printer_client/install.log --single-version-externally-managed install_data
[2.210s] DEBUG:colcon.colcon_core.event_handler.log_command:Invoking command in '/home/shash/Task3/src/printer_server': AMENT_PREFIX_PATH=/home/shash/Task3/install/custom_interfaces:${AMENT_PREFIX_PATH} CMAKE_PREFIX_PATH=/home/shash/Task3/install/custom_interfaces:${CMAKE_PREFIX_PATH} LD_LIBRARY_PATH=/home/shash/Task3/install/custom_interfaces/lib:${LD_LIBRARY_PATH} PYTHONPATH=/home/shash/Task3/build/printer_server/prefix_override:/usr/lib/python3/dist-packages/colcon_core/task/python/colcon_distutils_commands:/home/shash/Task3/install/printer_server/lib/python3.10/site-packages:/home/shash/Task3/install/custom_interfaces/local/lib/python3.10/dist-packages:${PYTHONPATH} /usr/bin/python3 -W ignore:setup.py install is deprecated -W ignore:easy_install command is deprecated setup.py egg_info --egg-base ../../build/printer_server build --build-base /home/shash/Task3/build/printer_server/build install --record /home/shash/Task3/build/printer_server/install.log --single-version-externally-managed install_data
[2.572s] Level 1:colcon.colcon_core.environment:checking '/home/shash/Task3/install/printer_client' for CMake module files
[2.573s] DEBUG:colcon.colcon_core.event_handler.log_command:Invoked command in '/home/shash/Task3/src/printer_client' returned '0': AMENT_PREFIX_PATH=/home/shash/Task3/install/custom_interfaces:${AMENT_PREFIX_PATH} CMAKE_PREFIX_PATH=/home/shash/Task3/install/custom_interfaces:${CMAKE_PREFIX_PATH} LD_LIBRARY_PATH=/home/shash/Task3/install/custom_interfaces/lib:${LD_LIBRARY_PATH} PYTHONPATH=/home/shash/Task3/build/printer_client/prefix_override:/usr/lib/python3/dist-packages/colcon_core/task/python/colcon_distutils_commands:/home/shash/Task3/install/printer_client/lib/python3.10/site-packages:/home/shash/Task3/install/custom_interfaces/local/lib/python3.10/dist-packages:${PYTHONPATH} /usr/bin/python3 -W ignore:setup.py install is deprecated -W ignore:easy_install command is deprecated setup.py egg_info --egg-base ../../build/printer_client build --build-base /home/shash/Task3/build/printer_client/build install --record /home/shash/Task3/build/printer_client/install.log --single-version-externally-managed install_data
[2.573s] Level 1:colcon.colcon_core.environment:checking '/home/shash/Task3/install/printer_client' for CMake config files
[2.574s] Level 1:colcon.colcon_core.environment:checking '/home/shash/Task3/install/printer_client/lib'
[2.574s] Level 1:colcon.colcon_core.environment:checking '/home/shash/Task3/install/printer_client/bin'
[2.574s] Level 1:colcon.colcon_core.environment:checking '/home/shash/Task3/install/printer_client/lib/pkgconfig/printer_client.pc'
[2.574s] Level 1:colcon.colcon_core.environment:checking '/home/shash/Task3/install/printer_client/lib/python3.10/site-packages'
[2.574s] Level 1:colcon.colcon_core.shell:create_environment_hook('printer_client', 'pythonpath')
[2.575s] INFO:colcon.colcon_core.shell:Creating environment hook '/home/shash/Task3/install/printer_client/share/printer_client/hook/pythonpath.ps1'
[2.575s] INFO:colcon.colcon_core.shell:Creating environment descriptor '/home/shash/Task3/install/printer_client/share/printer_client/hook/pythonpath.dsv'
[2.576s] INFO:colcon.colcon_core.shell:Creating environment hook '/home/shash/Task3/install/printer_client/share/printer_client/hook/pythonpath.sh'
[2.576s] Level 1:colcon.colcon_core.environment:checking '/home/shash/Task3/install/printer_client/bin'
[2.576s] Level 1:colcon.colcon_core.environment:create_environment_scripts_only(printer_client)
[2.577s] INFO:colcon.colcon_core.shell:Creating package script '/home/shash/Task3/install/printer_client/share/printer_client/package.ps1'
[2.577s] INFO:colcon.colcon_core.shell:Creating package descriptor '/home/shash/Task3/install/printer_client/share/printer_client/package.dsv'
[2.578s] INFO:colcon.colcon_core.shell:Creating package script '/home/shash/Task3/install/printer_client/share/printer_client/package.sh'
[2.578s] INFO:colcon.colcon_core.shell:Creating package script '/home/shash/Task3/install/printer_client/share/printer_client/package.bash'
[2.579s] INFO:colcon.colcon_core.shell:Creating package script '/home/shash/Task3/install/printer_client/share/printer_client/package.zsh'
[2.579s] Level 1:colcon.colcon_core.environment:create_file_with_runtime_dependencies(/home/shash/Task3/install/printer_client/share/colcon-core/packages/printer_client)
[2.596s] Level 1:colcon.colcon_core.environment:checking '/home/shash/Task3/install/printer_server' for CMake module files
[2.597s] DEBUG:colcon.colcon_core.event_handler.log_command:Invoked command in '/home/shash/Task3/src/printer_server' returned '0': AMENT_PREFIX_PATH=/home/shash/Task3/install/custom_interfaces:${AMENT_PREFIX_PATH} CMAKE_PREFIX_PATH=/home/shash/Task3/install/custom_interfaces:${CMAKE_PREFIX_PATH} LD_LIBRARY_PATH=/home/shash/Task3/install/custom_interfaces/lib:${LD_LIBRARY_PATH} PYTHONPATH=/home/shash/Task3/build/printer_server/prefix_override:/usr/lib/python3/dist-packages/colcon_core/task/python/colcon_distutils_commands:/home/shash/Task3/install/printer_server/lib/python3.10/site-packages:/home/shash/Task3/install/custom_interfaces/local/lib/python3.10/dist-packages:${PYTHONPATH} /usr/bin/python3 -W ignore:setup.py install is deprecated -W ignore:easy_install command is deprecated setup.py egg_info --egg-base ../../build/printer_server build --build-base /home/shash/Task3/build/printer_server/build install --record /home/shash/Task3/build/printer_server/install.log --single-version-externally-managed install_data
[2.597s] Level 1:colcon.colcon_core.environment:checking '/home/shash/Task3/install/printer_server' for CMake config files
[2.598s] Level 1:colcon.colcon_core.environment:checking '/home/shash/Task3/install/printer_server/lib'
[2.598s] Level 1:colcon.colcon_core.environment:checking '/home/shash/Task3/install/printer_server/bin'
[2.598s] Level 1:colcon.colcon_core.environment:checking '/home/shash/Task3/install/printer_server/lib/pkgconfig/printer_server.pc'
[2.598s] Level 1:colcon.colcon_core.environment:checking '/home/shash/Task3/install/printer_server/lib/python3.10/site-packages'
[2.598s] Level 1:colcon.colcon_core.shell:create_environment_hook('printer_server', 'pythonpath')
[2.599s] INFO:colcon.colcon_core.shell:Creating environment hook '/home/shash/Task3/install/printer_server/share/printer_server/hook/pythonpath.ps1'
[2.599s] INFO:colcon.colcon_core.shell:Creating environment descriptor '/home/shash/Task3/install/printer_server/share/printer_server/hook/pythonpath.dsv'
[2.600s] INFO:colcon.colcon_core.shell:Creating environment hook '/home/shash/Task3/install/printer_server/share/printer_server/hook/pythonpath.sh'
[2.600s] Level 1:colcon.colcon_core.environment:checking '/home/shash/Task3/install/printer_server/bin'
[2.600s] Level 1:colcon.colcon_core.environment:create_environment_scripts_only(printer_server)
[2.601s] INFO:colcon.colcon_core.shell:Creating package script '/home/shash/Task3/install/printer_server/share/printer_server/package.ps1'
[2.602s] INFO:colcon.colcon_core.shell:Creating package descriptor '/home/shash/Task3/install/printer_server/share/printer_server/package.dsv'
[2.602s] INFO:colcon.colcon_core.shell:Creating package script '/home/shash/Task3/install/printer_server/share/printer_server/package.sh'
[2.602s] INFO:colcon.colcon_core.shell:Creating package script '/home/shash/Task3/install/printer_server/share/printer_server/package.bash'
[2.602s] INFO:colcon.colcon_core.shell:Creating package script '/home/shash/Task3/install/printer_server/share/printer_server/package.zsh'
[2.603s] Level 1:colcon.colcon_core.environment:create_file_with_runtime_dependencies(/home/shash/Task3/install/printer_server/share/colcon-core/packages/printer_server)
[2.603s] DEBUG:colcon.colcon_parallel_executor.executor.parallel:closing loop
[2.603s] DEBUG:colcon.colcon_parallel_executor.executor.parallel:loop closed
[2.603s] DEBUG:colcon.colcon_parallel_executor.executor.parallel:run_until_complete finished with '0'
[2.603s] DEBUG:colcon.colcon_core.event_reactor:joining thread
[2.613s] INFO:colcon.colcon_core.plugin_system:Skipping extension 'colcon_notification.desktop_notification.terminal_notifier': Not used on non-Darwin systems
[2.613s] INFO:colcon.colcon_core.plugin_system:Skipping extension 'colcon_notification.desktop_notification.win32': Not used on non-Windows systems
[2.613s] INFO:colcon.colcon_notification.desktop_notification:Sending desktop notification using 'notify2'
[2.622s] DEBUG:colcon.colcon_core.event_reactor:joined thread
[2.623s] INFO:colcon.colcon_core.shell:Creating prefix script '/home/shash/Task3/install/local_setup.ps1'
[2.623s] INFO:colcon.colcon_core.shell:Creating prefix util module '/home/shash/Task3/install/_local_setup_util_ps1.py'
[2.624s] INFO:colcon.colcon_core.shell:Creating prefix chain script '/home/shash/Task3/install/setup.ps1'
[2.631s] INFO:colcon.colcon_core.shell:Creating prefix script '/home/shash/Task3/install/local_setup.sh'
[2.631s] INFO:colcon.colcon_core.shell:Creating prefix util module '/home/shash/Task3/install/_local_setup_util_sh.py'
[2.632s] INFO:colcon.colcon_core.shell:Creating prefix chain script '/home/shash/Task3/install/setup.sh'
[2.638s] INFO:colcon.colcon_core.shell:Creating prefix script '/home/shash/Task3/install/local_setup.bash'
[2.638s] INFO:colcon.colcon_core.shell:Creating prefix chain script '/home/shash/Task3/install/setup.bash'
[2.645s] INFO:colcon.colcon_core.shell:Creating prefix script '/home/shash/Task3/install/local_setup.zsh'
[2.645s] INFO:colcon.colcon_core.shell:Creating prefix chain script '/home/shash/Task3/install/setup.zsh'
