running egg_info
creating ../../build/printer_server/printer_server.egg-info
writing ../../build/printer_server/printer_server.egg-info/PKG-INFO
writing dependency_links to ../../build/printer_server/printer_server.egg-info/dependency_links.txt
writing entry points to ../../build/printer_server/printer_server.egg-info/entry_points.txt
writing requirements to ../../build/printer_server/printer_server.egg-info/requires.txt
writing top-level names to ../../build/printer_server/printer_server.egg-info/top_level.txt
writing manifest file '../../build/printer_server/printer_server.egg-info/SOURCES.txt'
reading manifest file '../../build/printer_server/printer_server.egg-info/SOURCES.txt'
writing manifest file '../../build/printer_server/printer_server.egg-info/SOURCES.txt'
running build
running build_py
creating /home/shash/Task3/build/printer_server/build
creating /home/shash/Task3/build/printer_server/build/lib
creating /home/shash/Task3/build/printer_server/build/lib/printer_server
copying printer_server/printer_node.py -> /home/shash/Task3/build/printer_server/build/lib/printer_server
copying printer_server/__init__.py -> /home/shash/Task3/build/printer_server/build/lib/printer_server
running install
running install_lib
creating /home/shash/Task3/install/printer_server/lib/python3.10/site-packages/printer_server
copying /home/shash/Task3/build/printer_server/build/lib/printer_server/printer_node.py -> /home/shash/Task3/install/printer_server/lib/python3.10/site-packages/printer_server
copying /home/shash/Task3/build/printer_server/build/lib/printer_server/__init__.py -> /home/shash/Task3/install/printer_server/lib/python3.10/site-packages/printer_server
byte-compiling /home/shash/Task3/install/printer_server/lib/python3.10/site-packages/printer_server/printer_node.py to printer_node.cpython-310.pyc
byte-compiling /home/shash/Task3/install/printer_server/lib/python3.10/site-packages/printer_server/__init__.py to __init__.cpython-310.pyc
running install_data
creating /home/shash/Task3/install/printer_server/share/ament_index
creating /home/shash/Task3/install/printer_server/share/ament_index/resource_index
creating /home/shash/Task3/install/printer_server/share/ament_index/resource_index/packages
copying resource/printer_server -> /home/shash/Task3/install/printer_server/share/ament_index/resource_index/packages
copying package.xml -> /home/shash/Task3/install/printer_server/share/printer_server
running install_egg_info
Copying ../../build/printer_server/printer_server.egg-info to /home/shash/Task3/install/printer_server/lib/python3.10/site-packages/printer_server-0.0.0-py3.10.egg-info
running install_scripts
Installing printer_node script to /home/shash/Task3/install/printer_server/lib/printer_server
writing list of installed files to '/home/shash/Task3/build/printer_server/install.log'
