[1.132s] Invoking command in '/home/shash/Task3/src/printer_server': AMENT_PREFIX_PATH=/home/shash/Task3/install/custom_interfaces:${AMENT_PREFIX_PATH} CMAKE_PREFIX_PATH=/home/shash/Task3/install/custom_interfaces:${CMAKE_PREFIX_PATH} LD_LIBRARY_PATH=/home/shash/Task3/install/custom_interfaces/lib:${LD_LIBRARY_PATH} PYTHONPATH=/home/shash/Task3/build/printer_server/prefix_override:/usr/lib/python3/dist-packages/colcon_core/task/python/colcon_distutils_commands:/home/shash/Task3/install/printer_server/lib/python3.10/site-packages:/home/shash/Task3/install/custom_interfaces/local/lib/python3.10/dist-packages:${PYTHONPATH} /usr/bin/python3 -W ignore:setup.py install is deprecated -W ignore:easy_install command is deprecated setup.py egg_info --egg-base ../../build/printer_server build --build-base /home/shash/Task3/build/printer_server/build install --record /home/shash/Task3/build/printer_server/install.log --single-version-externally-managed install_data
[1.441s] running egg_info
[1.441s] creating ../../build/printer_server/printer_server.egg-info
[1.441s] writing ../../build/printer_server/printer_server.egg-info/PKG-INFO
[1.441s] writing dependency_links to ../../build/printer_server/printer_server.egg-info/dependency_links.txt
[1.442s] writing entry points to ../../build/printer_server/printer_server.egg-info/entry_points.txt
[1.442s] writing requirements to ../../build/printer_server/printer_server.egg-info/requires.txt
[1.442s] writing top-level names to ../../build/printer_server/printer_server.egg-info/top_level.txt
[1.442s] writing manifest file '../../build/printer_server/printer_server.egg-info/SOURCES.txt'
[1.443s] reading manifest file '../../build/printer_server/printer_server.egg-info/SOURCES.txt'
[1.443s] writing manifest file '../../build/printer_server/printer_server.egg-info/SOURCES.txt'
[1.443s] running build
[1.443s] running build_py
[1.443s] creating /home/shash/Task3/build/printer_server/build
[1.443s] creating /home/shash/Task3/build/printer_server/build/lib
[1.444s] creating /home/shash/Task3/build/printer_server/build/lib/printer_server
[1.444s] copying printer_server/printer_node.py -> /home/shash/Task3/build/printer_server/build/lib/printer_server
[1.444s] copying printer_server/__init__.py -> /home/shash/Task3/build/printer_server/build/lib/printer_server
[1.444s] running install
[1.444s] running install_lib
[1.445s] creating /home/shash/Task3/install/printer_server/lib/python3.10/site-packages/printer_server
[1.445s] copying /home/shash/Task3/build/printer_server/build/lib/printer_server/printer_node.py -> /home/shash/Task3/install/printer_server/lib/python3.10/site-packages/printer_server
[1.445s] copying /home/shash/Task3/build/printer_server/build/lib/printer_server/__init__.py -> /home/shash/Task3/install/printer_server/lib/python3.10/site-packages/printer_server
[1.447s] byte-compiling /home/shash/Task3/install/printer_server/lib/python3.10/site-packages/printer_server/printer_node.py to printer_node.cpython-310.pyc
[1.447s] byte-compiling /home/shash/Task3/install/printer_server/lib/python3.10/site-packages/printer_server/__init__.py to __init__.cpython-310.pyc
[1.447s] running install_data
[1.447s] creating /home/shash/Task3/install/printer_server/share/ament_index
[1.447s] creating /home/shash/Task3/install/printer_server/share/ament_index/resource_index
[1.447s] creating /home/shash/Task3/install/printer_server/share/ament_index/resource_index/packages
[1.447s] copying resource/printer_server -> /home/shash/Task3/install/printer_server/share/ament_index/resource_index/packages
[1.447s] copying package.xml -> /home/shash/Task3/install/printer_server/share/printer_server
[1.447s] running install_egg_info
[1.450s] Copying ../../build/printer_server/printer_server.egg-info to /home/shash/Task3/install/printer_server/lib/python3.10/site-packages/printer_server-0.0.0-py3.10.egg-info
[1.450s] running install_scripts
[1.480s] Installing printer_node script to /home/shash/Task3/install/printer_server/lib/printer_server
[1.480s] writing list of installed files to '/home/shash/Task3/build/printer_server/install.log'
[1.499s] Invoked command in '/home/shash/Task3/src/printer_server' returned '0': AMENT_PREFIX_PATH=/home/shash/Task3/install/custom_interfaces:${AMENT_PREFIX_PATH} CMAKE_PREFIX_PATH=/home/shash/Task3/install/custom_interfaces:${CMAKE_PREFIX_PATH} LD_LIBRARY_PATH=/home/shash/Task3/install/custom_interfaces/lib:${LD_LIBRARY_PATH} PYTHONPATH=/home/shash/Task3/build/printer_server/prefix_override:/usr/lib/python3/dist-packages/colcon_core/task/python/colcon_distutils_commands:/home/shash/Task3/install/printer_server/lib/python3.10/site-packages:/home/shash/Task3/install/custom_interfaces/local/lib/python3.10/dist-packages:${PYTHONPATH} /usr/bin/python3 -W ignore:setup.py install is deprecated -W ignore:easy_install command is deprecated setup.py egg_info --egg-base ../../build/printer_server build --build-base /home/shash/Task3/build/printer_server/build install --record /home/shash/Task3/build/printer_server/install.log --single-version-externally-managed install_data
