[0.027s] Invoking command in '/home/shash/Task3/build/custom_interfaces': CMAKE_PREFIX_PATH=${CMAKE_PREFIX_PATH}:/home/shash/ros2_humble/install/rqt_bag_plugins:/home/shash/ros2_humble/install/rqt_bag:/home/shash/ros2_humble/install/launch_testing_examples:/home/shash/ros2_humble/install/ros2bag:/home/shash/ros2_humble/install/tracetools_test:/home/shash/ros2_humble/install/tracetools_launch:/home/shash/ros2_humble/install/topic_monitor:/home/shash/ros2_humble/install/tf2_tools:/home/shash/ros2_humble/install/examples_tf2_py:/home/shash/ros2_humble/install/tf2_ros_py:/home/shash/ros2_humble/install/sros2:/home/shash/ros2_humble/install/rqt_topic:/home/shash/ros2_humble/install/rqt_srv:/home/shash/ros2_humble/install/rqt_shell:/home/shash/ros2_humble/install/rqt_service_caller:/home/shash/ros2_humble/install/rqt_reconfigure:/home/shash/ros2_humble/install/rqt_py_console:/home/shash/ros2_humble/install/rqt_publisher:/home/shash/ros2_humble/install/rqt_plot:/home/shash/ros2_humble/install/rqt_action:/home/shash/ros2_humble/install/rqt_msg:/home/shash/ros2_humble/install/rqt_console:/home/shash/ros2_humble/install/rqt:/home/shash/ros2_humble/install/rqt_graph:/home/shash/ros2_humble/install/rqt_gui_py:/home/shash/ros2_humble/install/rqt_gui:/home/shash/ros2_humble/install/ros2trace:/home/shash/ros2_humble/install/ros2topic:/home/shash/ros2_humble/install/ros2test:/home/shash/ros2_humble/install/ros2component:/home/shash/ros2_humble/install/ros2param:/home/shash/ros2_humble/install/ros2lifecycle:/home/shash/ros2_humble/install/ros2service:/home/shash/ros2_humble/install/ros2run:/home/shash/ros2_humble/install/ros2launch:/home/shash/ros2_humble/install/ros2pkg:/home/shash/ros2_humble/install/ros2node:/home/shash/ros2_humble/install/ros2multicast:/home/shash/ros2_humble/install/ros2interface:/home/shash/ros2_humble/install/ros2doctor:/home/shash/ros2_humble/install/ros2action:/home/shash/ros2_humble/install/ros2cli:/home/shash/ros2_humble/install/quality_of_service_demo_py:/home/shash/ros2_humble/install/lifecycle_py:/home/shash/ros2_humble/install/launch_testing_ros:/home/shash/ros2_humble/install/launch_ros:/home/shash/ros2_humble/install/examples_rclpy_pointcloud_publisher:/home/shash/ros2_humble/install/examples_rclpy_minimal_subscriber:/home/shash/ros2_humble/install/examples_rclpy_minimal_service:/home/shash/ros2_humble/install/examples_rclpy_minimal_publisher:/home/shash/ros2_humble/install/examples_rclpy_minimal_client:/home/shash/ros2_humble/install/examples_rclpy_minimal_action_server:/home/shash/ros2_humble/install/examples_rclpy_minimal_action_client:/home/shash/ros2_humble/install/examples_rclpy_guard_conditions:/home/shash/ros2_humble/install/examples_rclpy_executors:/home/shash/ros2_humble/install/demo_nodes_py:/home/shash/ros2_humble/install/camera_info_manager_py:/home/shash/ros2_humble/install/action_tutorials_py:/home/shash/ros2_humble/install/ament_uncrustify:/home/shash/ros2_humble/install/tracetools_trace:/home/shash/ros2_humble/install/tracetools_read:/home/shash/ros2_humble/install/logging_demo:/home/shash/ros2_humble/install/test_tracetools_launch:/home/shash/ros2_humble/install/test_launch_ros:/home/shash/ros2_humble/install/sensor_msgs_py:/home/shash/ros2_humble/install/rpyutils:/home/shash/ros2_humble/install/rosidl_runtime_py:/home/shash/ros2_humble/install/rosidl_cli:/home/shash/ros2_humble/install/launch_pytest:/home/shash/ros2_humble/install/launch_testing:/home/shash/ros2_humble/install/launch_yaml:/home/shash/ros2_humble/install/launch_xml:/home/shash/ros2_humble/install/launch:/home/shash/ros2_humble/install/osrf_pycommon:/home/shash/ros2_humble/install/domain_coordinator:/home/shash/ros2_humble/install/ament_xmllint:/home/shash/ros2_humble/install/ament_pyflakes:/home/shash/ros2_humble/install/ament_pycodestyle:/home/shash/ros2_humble/install/ament_pep257:/home/shash/ros2_humble/install/ament_pclint:/home/shash/ros2_humble/install/ament_package:/home/shash/ros2_humble/install/ament_mypy:/home/shash/ros2_humble/install/ament_lint_cmake:/home/shash/ros2_humble/install/ament_flake8:/home/shash/ros2_humble/install/ament_copyright:/home/shash/ros2_humble/install/ament_lint:/home/shash/ros2_humble/install/ament_index_python:/home/shash/ros2_humble/install/ament_cpplint:/home/shash/ros2_humble/install/ament_cppcheck:/home/shash/ros2_humble/install/ament_clang_tidy:/home/shash/ros2_humble/install/ament_clang_format /usr/bin/cmake --build /home/shash/Task3/build/custom_interfaces -- -j16 -l16
[0.131s] [  6%] Built target custom_interfaces__cpp
[0.131s] [ 12%] Built target custom_interfaces__rosidl_generator_c
[0.145s] [ 12%] Built target ament_cmake_python_copy_custom_interfaces
[0.164s] [ 22%] Built target custom_interfaces__rosidl_typesupport_cpp
[0.170s] [ 32%] Built target custom_interfaces__rosidl_typesupport_c
[0.171s] [ 41%] Built target custom_interfaces__rosidl_typesupport_fastrtps_cpp
[0.176s] [ 51%] Built target custom_interfaces__rosidl_typesupport_introspection_cpp
[0.186s] [ 61%] Built target custom_interfaces__rosidl_typesupport_introspection_c
[0.196s] [ 70%] Built target custom_interfaces__rosidl_typesupport_fastrtps_c
[0.235s] [ 70%] Built target custom_interfaces
[0.267s] [ 74%] Built target custom_interfaces__py
[0.303s] [ 80%] Built target custom_interfaces__rosidl_generator_py
[0.341s] [ 93%] Built target custom_interfaces__rosidl_typesupport_fastrtps_c__pyext
[0.341s] [ 93%] Built target custom_interfaces__rosidl_typesupport_introspection_c__pyext
[0.341s] [100%] Built target custom_interfaces__rosidl_typesupport_c__pyext
[0.473s] running egg_info
[0.474s] writing custom_interfaces.egg-info/PKG-INFO
[0.474s] writing dependency_links to custom_interfaces.egg-info/dependency_links.txt
[0.474s] writing top-level names to custom_interfaces.egg-info/top_level.txt
[0.475s] reading manifest file 'custom_interfaces.egg-info/SOURCES.txt'
[0.476s] writing manifest file 'custom_interfaces.egg-info/SOURCES.txt'
[0.501s] [100%] Built target ament_cmake_python_build_custom_interfaces_egg
[0.515s] Invoked command in '/home/shash/Task3/build/custom_interfaces' returned '0': CMAKE_PREFIX_PATH=${CMAKE_PREFIX_PATH}:/home/shash/ros2_humble/install/rqt_bag_plugins:/home/shash/ros2_humble/install/rqt_bag:/home/shash/ros2_humble/install/launch_testing_examples:/home/shash/ros2_humble/install/ros2bag:/home/shash/ros2_humble/install/tracetools_test:/home/shash/ros2_humble/install/tracetools_launch:/home/shash/ros2_humble/install/topic_monitor:/home/shash/ros2_humble/install/tf2_tools:/home/shash/ros2_humble/install/examples_tf2_py:/home/shash/ros2_humble/install/tf2_ros_py:/home/shash/ros2_humble/install/sros2:/home/shash/ros2_humble/install/rqt_topic:/home/shash/ros2_humble/install/rqt_srv:/home/shash/ros2_humble/install/rqt_shell:/home/shash/ros2_humble/install/rqt_service_caller:/home/shash/ros2_humble/install/rqt_reconfigure:/home/shash/ros2_humble/install/rqt_py_console:/home/shash/ros2_humble/install/rqt_publisher:/home/shash/ros2_humble/install/rqt_plot:/home/shash/ros2_humble/install/rqt_action:/home/shash/ros2_humble/install/rqt_msg:/home/shash/ros2_humble/install/rqt_console:/home/shash/ros2_humble/install/rqt:/home/shash/ros2_humble/install/rqt_graph:/home/shash/ros2_humble/install/rqt_gui_py:/home/shash/ros2_humble/install/rqt_gui:/home/shash/ros2_humble/install/ros2trace:/home/shash/ros2_humble/install/ros2topic:/home/shash/ros2_humble/install/ros2test:/home/shash/ros2_humble/install/ros2component:/home/shash/ros2_humble/install/ros2param:/home/shash/ros2_humble/install/ros2lifecycle:/home/shash/ros2_humble/install/ros2service:/home/shash/ros2_humble/install/ros2run:/home/shash/ros2_humble/install/ros2launch:/home/shash/ros2_humble/install/ros2pkg:/home/shash/ros2_humble/install/ros2node:/home/shash/ros2_humble/install/ros2multicast:/home/shash/ros2_humble/install/ros2interface:/home/shash/ros2_humble/install/ros2doctor:/home/shash/ros2_humble/install/ros2action:/home/shash/ros2_humble/install/ros2cli:/home/shash/ros2_humble/install/quality_of_service_demo_py:/home/shash/ros2_humble/install/lifecycle_py:/home/shash/ros2_humble/install/launch_testing_ros:/home/shash/ros2_humble/install/launch_ros:/home/shash/ros2_humble/install/examples_rclpy_pointcloud_publisher:/home/shash/ros2_humble/install/examples_rclpy_minimal_subscriber:/home/shash/ros2_humble/install/examples_rclpy_minimal_service:/home/shash/ros2_humble/install/examples_rclpy_minimal_publisher:/home/shash/ros2_humble/install/examples_rclpy_minimal_client:/home/shash/ros2_humble/install/examples_rclpy_minimal_action_server:/home/shash/ros2_humble/install/examples_rclpy_minimal_action_client:/home/shash/ros2_humble/install/examples_rclpy_guard_conditions:/home/shash/ros2_humble/install/examples_rclpy_executors:/home/shash/ros2_humble/install/demo_nodes_py:/home/shash/ros2_humble/install/camera_info_manager_py:/home/shash/ros2_humble/install/action_tutorials_py:/home/shash/ros2_humble/install/ament_uncrustify:/home/shash/ros2_humble/install/tracetools_trace:/home/shash/ros2_humble/install/tracetools_read:/home/shash/ros2_humble/install/logging_demo:/home/shash/ros2_humble/install/test_tracetools_launch:/home/shash/ros2_humble/install/test_launch_ros:/home/shash/ros2_humble/install/sensor_msgs_py:/home/shash/ros2_humble/install/rpyutils:/home/shash/ros2_humble/install/rosidl_runtime_py:/home/shash/ros2_humble/install/rosidl_cli:/home/shash/ros2_humble/install/launch_pytest:/home/shash/ros2_humble/install/launch_testing:/home/shash/ros2_humble/install/launch_yaml:/home/shash/ros2_humble/install/launch_xml:/home/shash/ros2_humble/install/launch:/home/shash/ros2_humble/install/osrf_pycommon:/home/shash/ros2_humble/install/domain_coordinator:/home/shash/ros2_humble/install/ament_xmllint:/home/shash/ros2_humble/install/ament_pyflakes:/home/shash/ros2_humble/install/ament_pycodestyle:/home/shash/ros2_humble/install/ament_pep257:/home/shash/ros2_humble/install/ament_pclint:/home/shash/ros2_humble/install/ament_package:/home/shash/ros2_humble/install/ament_mypy:/home/shash/ros2_humble/install/ament_lint_cmake:/home/shash/ros2_humble/install/ament_flake8:/home/shash/ros2_humble/install/ament_copyright:/home/shash/ros2_humble/install/ament_lint:/home/shash/ros2_humble/install/ament_index_python:/home/shash/ros2_humble/install/ament_cpplint:/home/shash/ros2_humble/install/ament_cppcheck:/home/shash/ros2_humble/install/ament_clang_tidy:/home/shash/ros2_humble/install/ament_clang_format /usr/bin/cmake --build /home/shash/Task3/build/custom_interfaces -- -j16 -l16
[0.533s] Invoking command in '/home/shash/Task3/build/custom_interfaces': CMAKE_PREFIX_PATH=${CMAKE_PREFIX_PATH}:/home/shash/ros2_humble/install/rqt_bag_plugins:/home/shash/ros2_humble/install/rqt_bag:/home/shash/ros2_humble/install/launch_testing_examples:/home/shash/ros2_humble/install/ros2bag:/home/shash/ros2_humble/install/tracetools_test:/home/shash/ros2_humble/install/tracetools_launch:/home/shash/ros2_humble/install/topic_monitor:/home/shash/ros2_humble/install/tf2_tools:/home/shash/ros2_humble/install/examples_tf2_py:/home/shash/ros2_humble/install/tf2_ros_py:/home/shash/ros2_humble/install/sros2:/home/shash/ros2_humble/install/rqt_topic:/home/shash/ros2_humble/install/rqt_srv:/home/shash/ros2_humble/install/rqt_shell:/home/shash/ros2_humble/install/rqt_service_caller:/home/shash/ros2_humble/install/rqt_reconfigure:/home/shash/ros2_humble/install/rqt_py_console:/home/shash/ros2_humble/install/rqt_publisher:/home/shash/ros2_humble/install/rqt_plot:/home/shash/ros2_humble/install/rqt_action:/home/shash/ros2_humble/install/rqt_msg:/home/shash/ros2_humble/install/rqt_console:/home/shash/ros2_humble/install/rqt:/home/shash/ros2_humble/install/rqt_graph:/home/shash/ros2_humble/install/rqt_gui_py:/home/shash/ros2_humble/install/rqt_gui:/home/shash/ros2_humble/install/ros2trace:/home/shash/ros2_humble/install/ros2topic:/home/shash/ros2_humble/install/ros2test:/home/shash/ros2_humble/install/ros2component:/home/shash/ros2_humble/install/ros2param:/home/shash/ros2_humble/install/ros2lifecycle:/home/shash/ros2_humble/install/ros2service:/home/shash/ros2_humble/install/ros2run:/home/shash/ros2_humble/install/ros2launch:/home/shash/ros2_humble/install/ros2pkg:/home/shash/ros2_humble/install/ros2node:/home/shash/ros2_humble/install/ros2multicast:/home/shash/ros2_humble/install/ros2interface:/home/shash/ros2_humble/install/ros2doctor:/home/shash/ros2_humble/install/ros2action:/home/shash/ros2_humble/install/ros2cli:/home/shash/ros2_humble/install/quality_of_service_demo_py:/home/shash/ros2_humble/install/lifecycle_py:/home/shash/ros2_humble/install/launch_testing_ros:/home/shash/ros2_humble/install/launch_ros:/home/shash/ros2_humble/install/examples_rclpy_pointcloud_publisher:/home/shash/ros2_humble/install/examples_rclpy_minimal_subscriber:/home/shash/ros2_humble/install/examples_rclpy_minimal_service:/home/shash/ros2_humble/install/examples_rclpy_minimal_publisher:/home/shash/ros2_humble/install/examples_rclpy_minimal_client:/home/shash/ros2_humble/install/examples_rclpy_minimal_action_server:/home/shash/ros2_humble/install/examples_rclpy_minimal_action_client:/home/shash/ros2_humble/install/examples_rclpy_guard_conditions:/home/shash/ros2_humble/install/examples_rclpy_executors:/home/shash/ros2_humble/install/demo_nodes_py:/home/shash/ros2_humble/install/camera_info_manager_py:/home/shash/ros2_humble/install/action_tutorials_py:/home/shash/ros2_humble/install/ament_uncrustify:/home/shash/ros2_humble/install/tracetools_trace:/home/shash/ros2_humble/install/tracetools_read:/home/shash/ros2_humble/install/logging_demo:/home/shash/ros2_humble/install/test_tracetools_launch:/home/shash/ros2_humble/install/test_launch_ros:/home/shash/ros2_humble/install/sensor_msgs_py:/home/shash/ros2_humble/install/rpyutils:/home/shash/ros2_humble/install/rosidl_runtime_py:/home/shash/ros2_humble/install/rosidl_cli:/home/shash/ros2_humble/install/launch_pytest:/home/shash/ros2_humble/install/launch_testing:/home/shash/ros2_humble/install/launch_yaml:/home/shash/ros2_humble/install/launch_xml:/home/shash/ros2_humble/install/launch:/home/shash/ros2_humble/install/osrf_pycommon:/home/shash/ros2_humble/install/domain_coordinator:/home/shash/ros2_humble/install/ament_xmllint:/home/shash/ros2_humble/install/ament_pyflakes:/home/shash/ros2_humble/install/ament_pycodestyle:/home/shash/ros2_humble/install/ament_pep257:/home/shash/ros2_humble/install/ament_pclint:/home/shash/ros2_humble/install/ament_package:/home/shash/ros2_humble/install/ament_mypy:/home/shash/ros2_humble/install/ament_lint_cmake:/home/shash/ros2_humble/install/ament_flake8:/home/shash/ros2_humble/install/ament_copyright:/home/shash/ros2_humble/install/ament_lint:/home/shash/ros2_humble/install/ament_index_python:/home/shash/ros2_humble/install/ament_cpplint:/home/shash/ros2_humble/install/ament_cppcheck:/home/shash/ros2_humble/install/ament_clang_tidy:/home/shash/ros2_humble/install/ament_clang_format /usr/bin/cmake --install /home/shash/Task3/build/custom_interfaces
[0.544s] -- Install configuration: ""
[0.544s] -- Up-to-date: /home/shash/Task3/install/custom_interfaces/share/ament_index/resource_index/rosidl_interfaces/custom_interfaces
[0.544s] -- Up-to-date: /home/shash/Task3/install/custom_interfaces/include/custom_interfaces/custom_interfaces
[0.544s] -- Up-to-date: /home/shash/Task3/install/custom_interfaces/include/custom_interfaces/custom_interfaces/msg
[0.544s] -- Up-to-date: /home/shash/Task3/install/custom_interfaces/include/custom_interfaces/custom_interfaces/msg/rosidl_generator_c__visibility_control.h
[0.544s] -- Up-to-date: /home/shash/Task3/install/custom_interfaces/include/custom_interfaces/custom_interfaces/srv
[0.544s] -- Up-to-date: /home/shash/Task3/install/custom_interfaces/include/custom_interfaces/custom_interfaces/srv/print_job.h
[0.544s] -- Up-to-date: /home/shash/Task3/install/custom_interfaces/include/custom_interfaces/custom_interfaces/srv/detail
[0.544s] -- Up-to-date: /home/shash/Task3/install/custom_interfaces/include/custom_interfaces/custom_interfaces/srv/detail/print_job__type_support.h
[0.544s] -- Up-to-date: /home/shash/Task3/install/custom_interfaces/include/custom_interfaces/custom_interfaces/srv/detail/print_job__functions.h
[0.544s] -- Up-to-date: /home/shash/Task3/install/custom_interfaces/include/custom_interfaces/custom_interfaces/srv/detail/print_job__functions.c
[0.544s] -- Up-to-date: /home/shash/Task3/install/custom_interfaces/include/custom_interfaces/custom_interfaces/srv/detail/print_job__struct.h
[0.544s] -- Up-to-date: /home/shash/Task3/install/custom_interfaces/share/custom_interfaces/environment/library_path.sh
[0.544s] -- Up-to-date: /home/shash/Task3/install/custom_interfaces/share/custom_interfaces/environment/library_path.dsv
[0.544s] -- Up-to-date: /home/shash/Task3/install/custom_interfaces/lib/libcustom_interfaces__rosidl_generator_c.so
[0.544s] -- Up-to-date: /home/shash/Task3/install/custom_interfaces/include/custom_interfaces/custom_interfaces
[0.544s] -- Up-to-date: /home/shash/Task3/install/custom_interfaces/include/custom_interfaces/custom_interfaces/msg
[0.544s] -- Up-to-date: /home/shash/Task3/install/custom_interfaces/include/custom_interfaces/custom_interfaces/msg/rosidl_typesupport_introspection_c__visibility_control.h
[0.544s] -- Up-to-date: /home/shash/Task3/install/custom_interfaces/include/custom_interfaces/custom_interfaces/srv
[0.544s] -- Up-to-date: /home/shash/Task3/install/custom_interfaces/include/custom_interfaces/custom_interfaces/srv/detail
[0.545s] -- Up-to-date: /home/shash/Task3/install/custom_interfaces/include/custom_interfaces/custom_interfaces/srv/detail/print_job__type_support.c
[0.545s] -- Up-to-date: /home/shash/Task3/install/custom_interfaces/include/custom_interfaces/custom_interfaces/srv/detail/print_job__rosidl_typesupport_introspection_c.h
[0.545s] -- Up-to-date: /home/shash/Task3/install/custom_interfaces/lib/libcustom_interfaces__rosidl_typesupport_introspection_c.so
[0.545s] -- Up-to-date: /home/shash/Task3/install/custom_interfaces/include/custom_interfaces/custom_interfaces
[0.545s] -- Up-to-date: /home/shash/Task3/install/custom_interfaces/include/custom_interfaces/custom_interfaces/msg
[0.545s] -- Up-to-date: /home/shash/Task3/install/custom_interfaces/include/custom_interfaces/custom_interfaces/msg/rosidl_typesupport_fastrtps_c__visibility_control.h
[0.545s] -- Up-to-date: /home/shash/Task3/install/custom_interfaces/include/custom_interfaces/custom_interfaces/srv
[0.545s] -- Up-to-date: /home/shash/Task3/install/custom_interfaces/include/custom_interfaces/custom_interfaces/srv/detail
[0.545s] -- Up-to-date: /home/shash/Task3/install/custom_interfaces/include/custom_interfaces/custom_interfaces/srv/detail/print_job__rosidl_typesupport_fastrtps_c.h
[0.545s] -- Up-to-date: /home/shash/Task3/install/custom_interfaces/lib/libcustom_interfaces__rosidl_typesupport_fastrtps_c.so
[0.545s] -- Up-to-date: /home/shash/Task3/install/custom_interfaces/lib/libcustom_interfaces__rosidl_typesupport_c.so
[0.545s] -- Up-to-date: /home/shash/Task3/install/custom_interfaces/include/custom_interfaces/custom_interfaces
[0.545s] -- Up-to-date: /home/shash/Task3/install/custom_interfaces/include/custom_interfaces/custom_interfaces/msg
[0.545s] -- Up-to-date: /home/shash/Task3/install/custom_interfaces/include/custom_interfaces/custom_interfaces/msg/rosidl_generator_cpp__visibility_control.hpp
[0.545s] -- Up-to-date: /home/shash/Task3/install/custom_interfaces/include/custom_interfaces/custom_interfaces/srv
[0.545s] -- Up-to-date: /home/shash/Task3/install/custom_interfaces/include/custom_interfaces/custom_interfaces/srv/print_job.hpp
[0.545s] -- Up-to-date: /home/shash/Task3/install/custom_interfaces/include/custom_interfaces/custom_interfaces/srv/detail
[0.545s] -- Up-to-date: /home/shash/Task3/install/custom_interfaces/include/custom_interfaces/custom_interfaces/srv/detail/print_job__type_support.hpp
[0.545s] -- Up-to-date: /home/shash/Task3/install/custom_interfaces/include/custom_interfaces/custom_interfaces/srv/detail/print_job__traits.hpp
[0.545s] -- Up-to-date: /home/shash/Task3/install/custom_interfaces/include/custom_interfaces/custom_interfaces/srv/detail/print_job__struct.hpp
[0.545s] -- Up-to-date: /home/shash/Task3/install/custom_interfaces/include/custom_interfaces/custom_interfaces/srv/detail/print_job__builder.hpp
[0.545s] -- Up-to-date: /home/shash/Task3/install/custom_interfaces/include/custom_interfaces/custom_interfaces
[0.545s] -- Up-to-date: /home/shash/Task3/install/custom_interfaces/include/custom_interfaces/custom_interfaces/srv
[0.545s] -- Up-to-date: /home/shash/Task3/install/custom_interfaces/include/custom_interfaces/custom_interfaces/srv/detail
[0.546s] -- Up-to-date: /home/shash/Task3/install/custom_interfaces/include/custom_interfaces/custom_interfaces/srv/detail/print_job__rosidl_typesupport_introspection_cpp.hpp
[0.546s] -- Up-to-date: /home/shash/Task3/install/custom_interfaces/include/custom_interfaces/custom_interfaces/srv/detail/print_job__type_support.cpp
[0.546s] -- Up-to-date: /home/shash/Task3/install/custom_interfaces/lib/libcustom_interfaces__rosidl_typesupport_introspection_cpp.so
[0.546s] -- Up-to-date: /home/shash/Task3/install/custom_interfaces/include/custom_interfaces/custom_interfaces
[0.546s] -- Up-to-date: /home/shash/Task3/install/custom_interfaces/include/custom_interfaces/custom_interfaces/msg
[0.546s] -- Up-to-date: /home/shash/Task3/install/custom_interfaces/include/custom_interfaces/custom_interfaces/msg/rosidl_typesupport_fastrtps_cpp__visibility_control.h
[0.546s] -- Up-to-date: /home/shash/Task3/install/custom_interfaces/include/custom_interfaces/custom_interfaces/srv
[0.546s] -- Up-to-date: /home/shash/Task3/install/custom_interfaces/include/custom_interfaces/custom_interfaces/srv/detail
[0.546s] -- Up-to-date: /home/shash/Task3/install/custom_interfaces/include/custom_interfaces/custom_interfaces/srv/detail/print_job__rosidl_typesupport_fastrtps_cpp.hpp
[0.546s] -- Up-to-date: /home/shash/Task3/install/custom_interfaces/include/custom_interfaces/custom_interfaces/srv/detail/dds_fastrtps
[0.546s] -- Up-to-date: /home/shash/Task3/install/custom_interfaces/lib/libcustom_interfaces__rosidl_typesupport_fastrtps_cpp.so
[0.546s] -- Up-to-date: /home/shash/Task3/install/custom_interfaces/lib/libcustom_interfaces__rosidl_typesupport_cpp.so
[0.546s] -- Up-to-date: /home/shash/Task3/install/custom_interfaces/share/custom_interfaces/environment/pythonpath.sh
[0.546s] -- Up-to-date: /home/shash/Task3/install/custom_interfaces/share/custom_interfaces/environment/pythonpath.dsv
[0.546s] -- Up-to-date: /home/shash/Task3/install/custom_interfaces/local/lib/python3.10/dist-packages/custom_interfaces-0.0.0-py3.10.egg-info
[0.546s] -- Installing: /home/shash/Task3/install/custom_interfaces/local/lib/python3.10/dist-packages/custom_interfaces-0.0.0-py3.10.egg-info/top_level.txt
[0.546s] -- Installing: /home/shash/Task3/install/custom_interfaces/local/lib/python3.10/dist-packages/custom_interfaces-0.0.0-py3.10.egg-info/PKG-INFO
[0.546s] -- Installing: /home/shash/Task3/install/custom_interfaces/local/lib/python3.10/dist-packages/custom_interfaces-0.0.0-py3.10.egg-info/dependency_links.txt
[0.546s] -- Installing: /home/shash/Task3/install/custom_interfaces/local/lib/python3.10/dist-packages/custom_interfaces-0.0.0-py3.10.egg-info/SOURCES.txt
[0.546s] -- Up-to-date: /home/shash/Task3/install/custom_interfaces/local/lib/python3.10/dist-packages/custom_interfaces
[0.546s] -- Up-to-date: /home/shash/Task3/install/custom_interfaces/local/lib/python3.10/dist-packages/custom_interfaces/custom_interfaces_s__rosidl_typesupport_fastrtps_c.cpython-310-x86_64-linux-gnu.so
[0.546s] -- Up-to-date: /home/shash/Task3/install/custom_interfaces/local/lib/python3.10/dist-packages/custom_interfaces/custom_interfaces_s__rosidl_typesupport_introspection_c.cpython-310-x86_64-linux-gnu.so
[0.546s] -- Up-to-date: /home/shash/Task3/install/custom_interfaces/local/lib/python3.10/dist-packages/custom_interfaces/libcustom_interfaces__rosidl_generator_py.so
[0.546s] -- Up-to-date: /home/shash/Task3/install/custom_interfaces/local/lib/python3.10/dist-packages/custom_interfaces/_custom_interfaces_s.ep.rosidl_typesupport_fastrtps_c.c
[0.546s] -- Up-to-date: /home/shash/Task3/install/custom_interfaces/local/lib/python3.10/dist-packages/custom_interfaces/__init__.py
[0.546s] -- Up-to-date: /home/shash/Task3/install/custom_interfaces/local/lib/python3.10/dist-packages/custom_interfaces/_custom_interfaces_s.ep.rosidl_typesupport_introspection_c.c
[0.546s] -- Up-to-date: /home/shash/Task3/install/custom_interfaces/local/lib/python3.10/dist-packages/custom_interfaces/_custom_interfaces_s.ep.rosidl_typesupport_c.c
[0.546s] -- Up-to-date: /home/shash/Task3/install/custom_interfaces/local/lib/python3.10/dist-packages/custom_interfaces/custom_interfaces_s__rosidl_typesupport_c.cpython-310-x86_64-linux-gnu.so
[0.546s] -- Up-to-date: /home/shash/Task3/install/custom_interfaces/local/lib/python3.10/dist-packages/custom_interfaces/srv
[0.546s] -- Up-to-date: /home/shash/Task3/install/custom_interfaces/local/lib/python3.10/dist-packages/custom_interfaces/srv/_print_job.py
[0.547s] -- Up-to-date: /home/shash/Task3/install/custom_interfaces/local/lib/python3.10/dist-packages/custom_interfaces/srv/__init__.py
[0.547s] -- Up-to-date: /home/shash/Task3/install/custom_interfaces/local/lib/python3.10/dist-packages/custom_interfaces/srv/_print_job_s.c
[0.651s] Listing '/home/shash/Task3/install/custom_interfaces/local/lib/python3.10/dist-packages/custom_interfaces'...
[0.651s] Listing '/home/shash/Task3/install/custom_interfaces/local/lib/python3.10/dist-packages/custom_interfaces/srv'...
[0.654s] -- Up-to-date: /home/shash/Task3/install/custom_interfaces/local/lib/python3.10/dist-packages/custom_interfaces/custom_interfaces_s__rosidl_typesupport_introspection_c.cpython-310-x86_64-linux-gnu.so
[0.654s] -- Up-to-date: /home/shash/Task3/install/custom_interfaces/local/lib/python3.10/dist-packages/custom_interfaces/custom_interfaces_s__rosidl_typesupport_fastrtps_c.cpython-310-x86_64-linux-gnu.so
[0.654s] -- Up-to-date: /home/shash/Task3/install/custom_interfaces/local/lib/python3.10/dist-packages/custom_interfaces/custom_interfaces_s__rosidl_typesupport_c.cpython-310-x86_64-linux-gnu.so
[0.654s] -- Up-to-date: /home/shash/Task3/install/custom_interfaces/lib/libcustom_interfaces__rosidl_generator_py.so
[0.654s] -- Up-to-date: /home/shash/Task3/install/custom_interfaces/share/custom_interfaces/srv/PrintJob.idl
[0.655s] -- Up-to-date: /home/shash/Task3/install/custom_interfaces/share/custom_interfaces/srv/PrintJob.srv
[0.655s] -- Up-to-date: /home/shash/Task3/install/custom_interfaces/share/custom_interfaces/srv/PrintJob_Request.msg
[0.655s] -- Up-to-date: /home/shash/Task3/install/custom_interfaces/share/custom_interfaces/srv/PrintJob_Response.msg
[0.655s] -- Up-to-date: /home/shash/Task3/install/custom_interfaces/share/ament_index/resource_index/package_run_dependencies/custom_interfaces
[0.655s] -- Up-to-date: /home/shash/Task3/install/custom_interfaces/share/ament_index/resource_index/parent_prefix_path/custom_interfaces
[0.655s] -- Up-to-date: /home/shash/Task3/install/custom_interfaces/share/custom_interfaces/environment/ament_prefix_path.dsv
[0.655s] -- Up-to-date: /home/shash/Task3/install/custom_interfaces/share/custom_interfaces/environment/path.dsv
[0.655s] -- Up-to-date: /home/shash/Task3/install/custom_interfaces/share/custom_interfaces/local_setup.bash
[0.655s] -- Up-to-date: /home/shash/Task3/install/custom_interfaces/share/custom_interfaces/local_setup.sh
[0.655s] -- Up-to-date: /home/shash/Task3/install/custom_interfaces/share/custom_interfaces/local_setup.zsh
[0.655s] -- Up-to-date: /home/shash/Task3/install/custom_interfaces/share/custom_interfaces/local_setup.dsv
[0.655s] -- Installing: /home/shash/Task3/install/custom_interfaces/share/custom_interfaces/package.dsv
[0.655s] -- Up-to-date: /home/shash/Task3/install/custom_interfaces/share/ament_index/resource_index/packages/custom_interfaces
[0.655s] -- Up-to-date: /home/shash/Task3/install/custom_interfaces/share/custom_interfaces/cmake/export_custom_interfaces__rosidl_generator_cExport.cmake
[0.655s] -- Up-to-date: /home/shash/Task3/install/custom_interfaces/share/custom_interfaces/cmake/export_custom_interfaces__rosidl_generator_cExport-noconfig.cmake
[0.655s] -- Up-to-date: /home/shash/Task3/install/custom_interfaces/share/custom_interfaces/cmake/custom_interfaces__rosidl_typesupport_introspection_cExport.cmake
[0.655s] -- Up-to-date: /home/shash/Task3/install/custom_interfaces/share/custom_interfaces/cmake/custom_interfaces__rosidl_typesupport_introspection_cExport-noconfig.cmake
[0.655s] -- Up-to-date: /home/shash/Task3/install/custom_interfaces/share/custom_interfaces/cmake/export_custom_interfaces__rosidl_typesupport_fastrtps_cExport.cmake
[0.655s] -- Up-to-date: /home/shash/Task3/install/custom_interfaces/share/custom_interfaces/cmake/export_custom_interfaces__rosidl_typesupport_fastrtps_cExport-noconfig.cmake
[0.655s] -- Up-to-date: /home/shash/Task3/install/custom_interfaces/share/custom_interfaces/cmake/custom_interfaces__rosidl_typesupport_cExport.cmake
[0.656s] -- Up-to-date: /home/shash/Task3/install/custom_interfaces/share/custom_interfaces/cmake/custom_interfaces__rosidl_typesupport_cExport-noconfig.cmake
[0.656s] -- Up-to-date: /home/shash/Task3/install/custom_interfaces/share/custom_interfaces/cmake/export_custom_interfaces__rosidl_generator_cppExport.cmake
[0.656s] -- Up-to-date: /home/shash/Task3/install/custom_interfaces/share/custom_interfaces/cmake/custom_interfaces__rosidl_typesupport_introspection_cppExport.cmake
[0.656s] -- Up-to-date: /home/shash/Task3/install/custom_interfaces/share/custom_interfaces/cmake/custom_interfaces__rosidl_typesupport_introspection_cppExport-noconfig.cmake
[0.656s] -- Up-to-date: /home/shash/Task3/install/custom_interfaces/share/custom_interfaces/cmake/export_custom_interfaces__rosidl_typesupport_fastrtps_cppExport.cmake
[0.656s] -- Up-to-date: /home/shash/Task3/install/custom_interfaces/share/custom_interfaces/cmake/export_custom_interfaces__rosidl_typesupport_fastrtps_cppExport-noconfig.cmake
[0.656s] -- Up-to-date: /home/shash/Task3/install/custom_interfaces/share/custom_interfaces/cmake/custom_interfaces__rosidl_typesupport_cppExport.cmake
[0.656s] -- Up-to-date: /home/shash/Task3/install/custom_interfaces/share/custom_interfaces/cmake/custom_interfaces__rosidl_typesupport_cppExport-noconfig.cmake
[0.656s] -- Up-to-date: /home/shash/Task3/install/custom_interfaces/share/custom_interfaces/cmake/export_custom_interfaces__rosidl_generator_pyExport.cmake
[0.656s] -- Up-to-date: /home/shash/Task3/install/custom_interfaces/share/custom_interfaces/cmake/export_custom_interfaces__rosidl_generator_pyExport-noconfig.cmake
[0.656s] -- Up-to-date: /home/shash/Task3/install/custom_interfaces/share/custom_interfaces/cmake/rosidl_cmake-extras.cmake
[0.656s] -- Up-to-date: /home/shash/Task3/install/custom_interfaces/share/custom_interfaces/cmake/ament_cmake_export_include_directories-extras.cmake
[0.656s] -- Up-to-date: /home/shash/Task3/install/custom_interfaces/share/custom_interfaces/cmake/ament_cmake_export_libraries-extras.cmake
[0.656s] -- Up-to-date: /home/shash/Task3/install/custom_interfaces/share/custom_interfaces/cmake/ament_cmake_export_targets-extras.cmake
[0.656s] -- Up-to-date: /home/shash/Task3/install/custom_interfaces/share/custom_interfaces/cmake/rosidl_cmake_export_typesupport_targets-extras.cmake
[0.656s] -- Up-to-date: /home/shash/Task3/install/custom_interfaces/share/custom_interfaces/cmake/ament_cmake_export_dependencies-extras.cmake
[0.656s] -- Up-to-date: /home/shash/Task3/install/custom_interfaces/share/custom_interfaces/cmake/rosidl_cmake_export_typesupport_libraries-extras.cmake
[0.656s] -- Up-to-date: /home/shash/Task3/install/custom_interfaces/share/custom_interfaces/cmake/custom_interfacesConfig.cmake
[0.656s] -- Up-to-date: /home/shash/Task3/install/custom_interfaces/share/custom_interfaces/cmake/custom_interfacesConfig-version.cmake
[0.656s] -- Up-to-date: /home/shash/Task3/install/custom_interfaces/share/custom_interfaces/package.xml
[0.657s] Invoked command in '/home/shash/Task3/build/custom_interfaces' returned '0': CMAKE_PREFIX_PATH=${CMAKE_PREFIX_PATH}:/home/shash/ros2_humble/install/rqt_bag_plugins:/home/shash/ros2_humble/install/rqt_bag:/home/shash/ros2_humble/install/launch_testing_examples:/home/shash/ros2_humble/install/ros2bag:/home/shash/ros2_humble/install/tracetools_test:/home/shash/ros2_humble/install/tracetools_launch:/home/shash/ros2_humble/install/topic_monitor:/home/shash/ros2_humble/install/tf2_tools:/home/shash/ros2_humble/install/examples_tf2_py:/home/shash/ros2_humble/install/tf2_ros_py:/home/shash/ros2_humble/install/sros2:/home/shash/ros2_humble/install/rqt_topic:/home/shash/ros2_humble/install/rqt_srv:/home/shash/ros2_humble/install/rqt_shell:/home/shash/ros2_humble/install/rqt_service_caller:/home/shash/ros2_humble/install/rqt_reconfigure:/home/shash/ros2_humble/install/rqt_py_console:/home/shash/ros2_humble/install/rqt_publisher:/home/shash/ros2_humble/install/rqt_plot:/home/shash/ros2_humble/install/rqt_action:/home/shash/ros2_humble/install/rqt_msg:/home/shash/ros2_humble/install/rqt_console:/home/shash/ros2_humble/install/rqt:/home/shash/ros2_humble/install/rqt_graph:/home/shash/ros2_humble/install/rqt_gui_py:/home/shash/ros2_humble/install/rqt_gui:/home/shash/ros2_humble/install/ros2trace:/home/shash/ros2_humble/install/ros2topic:/home/shash/ros2_humble/install/ros2test:/home/shash/ros2_humble/install/ros2component:/home/shash/ros2_humble/install/ros2param:/home/shash/ros2_humble/install/ros2lifecycle:/home/shash/ros2_humble/install/ros2service:/home/shash/ros2_humble/install/ros2run:/home/shash/ros2_humble/install/ros2launch:/home/shash/ros2_humble/install/ros2pkg:/home/shash/ros2_humble/install/ros2node:/home/shash/ros2_humble/install/ros2multicast:/home/shash/ros2_humble/install/ros2interface:/home/shash/ros2_humble/install/ros2doctor:/home/shash/ros2_humble/install/ros2action:/home/shash/ros2_humble/install/ros2cli:/home/shash/ros2_humble/install/quality_of_service_demo_py:/home/shash/ros2_humble/install/lifecycle_py:/home/shash/ros2_humble/install/launch_testing_ros:/home/shash/ros2_humble/install/launch_ros:/home/shash/ros2_humble/install/examples_rclpy_pointcloud_publisher:/home/shash/ros2_humble/install/examples_rclpy_minimal_subscriber:/home/shash/ros2_humble/install/examples_rclpy_minimal_service:/home/shash/ros2_humble/install/examples_rclpy_minimal_publisher:/home/shash/ros2_humble/install/examples_rclpy_minimal_client:/home/shash/ros2_humble/install/examples_rclpy_minimal_action_server:/home/shash/ros2_humble/install/examples_rclpy_minimal_action_client:/home/shash/ros2_humble/install/examples_rclpy_guard_conditions:/home/shash/ros2_humble/install/examples_rclpy_executors:/home/shash/ros2_humble/install/demo_nodes_py:/home/shash/ros2_humble/install/camera_info_manager_py:/home/shash/ros2_humble/install/action_tutorials_py:/home/shash/ros2_humble/install/ament_uncrustify:/home/shash/ros2_humble/install/tracetools_trace:/home/shash/ros2_humble/install/tracetools_read:/home/shash/ros2_humble/install/logging_demo:/home/shash/ros2_humble/install/test_tracetools_launch:/home/shash/ros2_humble/install/test_launch_ros:/home/shash/ros2_humble/install/sensor_msgs_py:/home/shash/ros2_humble/install/rpyutils:/home/shash/ros2_humble/install/rosidl_runtime_py:/home/shash/ros2_humble/install/rosidl_cli:/home/shash/ros2_humble/install/launch_pytest:/home/shash/ros2_humble/install/launch_testing:/home/shash/ros2_humble/install/launch_yaml:/home/shash/ros2_humble/install/launch_xml:/home/shash/ros2_humble/install/launch:/home/shash/ros2_humble/install/osrf_pycommon:/home/shash/ros2_humble/install/domain_coordinator:/home/shash/ros2_humble/install/ament_xmllint:/home/shash/ros2_humble/install/ament_pyflakes:/home/shash/ros2_humble/install/ament_pycodestyle:/home/shash/ros2_humble/install/ament_pep257:/home/shash/ros2_humble/install/ament_pclint:/home/shash/ros2_humble/install/ament_package:/home/shash/ros2_humble/install/ament_mypy:/home/shash/ros2_humble/install/ament_lint_cmake:/home/shash/ros2_humble/install/ament_flake8:/home/shash/ros2_humble/install/ament_copyright:/home/shash/ros2_humble/install/ament_lint:/home/shash/ros2_humble/install/ament_index_python:/home/shash/ros2_humble/install/ament_cpplint:/home/shash/ros2_humble/install/ament_cppcheck:/home/shash/ros2_humble/install/ament_clang_tidy:/home/shash/ros2_humble/install/ament_clang_format /usr/bin/cmake --install /home/shash/Task3/build/custom_interfaces
